mode: set
github.com/echovault/sugardb/cmd/main.go:28.13,30.16 2 0
github.com/echovault/sugardb/cmd/main.go:30.16,32.3 1 0
github.com/echovault/sugardb/cmd/main.go:34.2,44.16 5 0
github.com/echovault/sugardb/cmd/main.go:44.16,46.3 1 0
github.com/echovault/sugardb/cmd/main.go:48.2,52.19 3 0
github.com/echovault/sugardb/internal/types.go:35.43,40.29 3 0
github.com/echovault/sugardb/internal/types.go:41.11,42.12 1 0
github.com/echovault/sugardb/internal/types.go:44.11,45.34 1 0
github.com/echovault/sugardb/internal/types.go:47.22,48.12 1 0
github.com/echovault/sugardb/internal/types.go:49.14,52.24 2 0
github.com/echovault/sugardb/internal/types.go:56.30,60.27 2 0
github.com/echovault/sugardb/internal/types.go:60.27,63.28 3 0
github.com/echovault/sugardb/internal/types.go:65.13,66.14 1 0
github.com/echovault/sugardb/internal/types.go:67.13,68.37 1 0
github.com/echovault/sugardb/internal/types.go:69.24,70.14 1 0
github.com/echovault/sugardb/internal/types.go:71.16,73.27 2 0
github.com/echovault/sugardb/internal/types.go:78.16,79.23 1 0
github.com/echovault/sugardb/internal/types.go:79.23,82.4 2 0
github.com/echovault/sugardb/internal/types.go:85.31,86.53 1 0
github.com/echovault/sugardb/internal/types.go:88.10,89.117 1 0
github.com/echovault/sugardb/internal/types.go:92.2,92.18 1 0
github.com/echovault/sugardb/internal/utils.go:41.38,45.16 2 0
github.com/echovault/sugardb/internal/utils.go:45.16,47.3 1 0
github.com/echovault/sugardb/internal/utils.go:49.2,49.15 1 0
github.com/echovault/sugardb/internal/utils.go:49.15,52.3 2 0
github.com/echovault/sugardb/internal/utils.go:54.2,56.10 2 0
github.com/echovault/sugardb/internal/utils.go:59.43,63.16 3 0
github.com/echovault/sugardb/internal/utils.go:63.16,65.3 1 0
github.com/echovault/sugardb/internal/utils.go:67.2,68.42 2 0
github.com/echovault/sugardb/internal/utils.go:68.42,70.3 1 0
github.com/echovault/sugardb/internal/utils.go:72.2,72.17 1 0
github.com/echovault/sugardb/internal/utils.go:75.47,82.6 4 0
github.com/echovault/sugardb/internal/utils.go:82.6,84.43 2 0
github.com/echovault/sugardb/internal/utils.go:84.43,85.9 1 0
github.com/echovault/sugardb/internal/utils.go:87.3,87.17 1 0
github.com/echovault/sugardb/internal/utils.go:87.17,89.4 1 0
github.com/echovault/sugardb/internal/utils.go:90.3,91.21 2 0
github.com/echovault/sugardb/internal/utils.go:91.21,92.9 1 0
github.com/echovault/sugardb/internal/utils.go:94.3,94.15 1 0
github.com/echovault/sugardb/internal/utils.go:97.2,97.37 1 0
github.com/echovault/sugardb/internal/utils.go:100.120,102.20 2 0
github.com/echovault/sugardb/internal/utils.go:102.20,104.3 1 0
github.com/echovault/sugardb/internal/utils.go:105.2,105.16 1 0
github.com/echovault/sugardb/internal/utils.go:105.16,107.3 1 0
github.com/echovault/sugardb/internal/utils.go:108.2,108.24 1 0
github.com/echovault/sugardb/internal/utils.go:108.24,110.3 1 0
github.com/echovault/sugardb/internal/utils.go:111.2,111.21 1 0
github.com/echovault/sugardb/internal/utils.go:111.21,113.3 1 0
github.com/echovault/sugardb/internal/utils.go:114.2,114.16 1 0
github.com/echovault/sugardb/internal/utils.go:117.37,119.16 2 0
github.com/echovault/sugardb/internal/utils.go:119.16,121.3 1 0
github.com/echovault/sugardb/internal/utils.go:122.2,122.15 1 0
github.com/echovault/sugardb/internal/utils.go:122.15,123.37 1 0
github.com/echovault/sugardb/internal/utils.go:123.37,125.4 1 0
github.com/echovault/sugardb/internal/utils.go:128.2,130.23 2 0
github.com/echovault/sugardb/internal/utils.go:133.72,134.65 1 0
github.com/echovault/sugardb/internal/utils.go:134.65,137.3 1 0
github.com/echovault/sugardb/internal/utils.go:138.2,138.18 1 0
github.com/echovault/sugardb/internal/utils.go:138.18,141.3 1 0
github.com/echovault/sugardb/internal/utils.go:142.2,142.49 1 0
github.com/echovault/sugardb/internal/utils.go:142.49,143.52 1 0
github.com/echovault/sugardb/internal/utils.go:143.52,145.4 1 0
github.com/echovault/sugardb/internal/utils.go:147.2,147.71 1 0
github.com/echovault/sugardb/internal/utils.go:150.66,152.2 1 0
github.com/echovault/sugardb/internal/utils.go:154.24,155.11 1 0
github.com/echovault/sugardb/internal/utils.go:155.11,157.3 1 0
github.com/echovault/sugardb/internal/utils.go:158.2,158.10 1 0
github.com/echovault/sugardb/internal/utils.go:162.49,166.16 3 0
github.com/echovault/sugardb/internal/utils.go:166.16,168.3 1 0
github.com/echovault/sugardb/internal/utils.go:170.2,171.17 2 0
github.com/echovault/sugardb/internal/utils.go:172.12,173.19 1 0
github.com/echovault/sugardb/internal/utils.go:174.12,175.26 1 0
github.com/echovault/sugardb/internal/utils.go:176.12,177.33 1 0
github.com/echovault/sugardb/internal/utils.go:178.12,179.40 1 0
github.com/echovault/sugardb/internal/utils.go:180.12,181.47 1 0
github.com/echovault/sugardb/internal/utils.go:182.10,183.91 1 0
github.com/echovault/sugardb/internal/utils.go:186.2,186.30 1 0
github.com/echovault/sugardb/internal/utils.go:190.64,191.20 1 0
github.com/echovault/sugardb/internal/utils.go:191.20,193.3 1 0
github.com/echovault/sugardb/internal/utils.go:196.2,196.33 1 0
github.com/echovault/sugardb/internal/utils.go:196.33,198.3 1 0
github.com/echovault/sugardb/internal/utils.go:203.2,206.37 2 0
github.com/echovault/sugardb/internal/utils.go:210.100,211.36 1 0
github.com/echovault/sugardb/internal/utils.go:211.36,213.26 2 0
github.com/echovault/sugardb/internal/utils.go:213.26,215.35 1 0
github.com/echovault/sugardb/internal/utils.go:215.35,216.13 1 0
github.com/echovault/sugardb/internal/utils.go:219.4,219.30 1 0
github.com/echovault/sugardb/internal/utils.go:219.30,221.5 1 0
github.com/echovault/sugardb/internal/utils.go:223.3,223.36 1 0
github.com/echovault/sugardb/internal/utils.go:223.36,225.4 1 0
github.com/echovault/sugardb/internal/utils.go:227.2,227.14 1 0
github.com/echovault/sugardb/internal/utils.go:232.43,233.14 1 0
github.com/echovault/sugardb/internal/utils.go:233.14,235.3 1 0
github.com/echovault/sugardb/internal/utils.go:236.2,236.30 1 0
github.com/echovault/sugardb/internal/utils.go:236.30,238.3 1 0
github.com/echovault/sugardb/internal/utils.go:239.2,239.30 1 0
github.com/echovault/sugardb/internal/utils.go:239.30,241.3 1 0
github.com/echovault/sugardb/internal/utils.go:243.2,244.21 2 0
github.com/echovault/sugardb/internal/utils.go:244.21,246.3 1 0
github.com/echovault/sugardb/internal/utils.go:248.2,249.29 2 0
github.com/echovault/sugardb/internal/utils.go:249.29,251.13 2 0
github.com/echovault/sugardb/internal/utils.go:251.13,252.9 1 0
github.com/echovault/sugardb/internal/utils.go:256.2,256.10 1 0
github.com/echovault/sugardb/internal/utils.go:259.41,261.28 2 0
github.com/echovault/sugardb/internal/utils.go:261.28,263.3 1 0
github.com/echovault/sugardb/internal/utils.go:264.2,264.20 1 0
github.com/echovault/sugardb/internal/utils.go:267.47,270.16 3 0
github.com/echovault/sugardb/internal/utils.go:270.16,272.3 1 0
github.com/echovault/sugardb/internal/utils.go:273.2,273.24 1 0
github.com/echovault/sugardb/internal/utils.go:276.52,279.16 3 0
github.com/echovault/sugardb/internal/utils.go:279.16,281.3 1 0
github.com/echovault/sugardb/internal/utils.go:282.2,282.24 1 0
github.com/echovault/sugardb/internal/utils.go:285.50,288.16 3 0
github.com/echovault/sugardb/internal/utils.go:288.16,290.3 1 0
github.com/echovault/sugardb/internal/utils.go:291.2,291.25 1 0
github.com/echovault/sugardb/internal/utils.go:294.52,297.16 3 0
github.com/echovault/sugardb/internal/utils.go:297.16,299.3 1 0
github.com/echovault/sugardb/internal/utils.go:300.2,300.23 1 0
github.com/echovault/sugardb/internal/utils.go:303.51,306.16 3 0
github.com/echovault/sugardb/internal/utils.go:306.16,308.3 1 0
github.com/echovault/sugardb/internal/utils.go:309.2,309.22 1 0
github.com/echovault/sugardb/internal/utils.go:312.59,316.16 3 0
github.com/echovault/sugardb/internal/utils.go:316.16,318.3 1 0
github.com/echovault/sugardb/internal/utils.go:320.2,320.16 1 0
github.com/echovault/sugardb/internal/utils.go:320.16,322.3 1 0
github.com/echovault/sugardb/internal/utils.go:324.2,324.39 1 0
github.com/echovault/sugardb/internal/utils.go:324.39,326.3 1 0
github.com/echovault/sugardb/internal/utils.go:328.2,329.30 2 0
github.com/echovault/sugardb/internal/utils.go:329.30,330.17 1 0
github.com/echovault/sugardb/internal/utils.go:330.17,332.12 2 0
github.com/echovault/sugardb/internal/utils.go:334.3,334.22 1 0
github.com/echovault/sugardb/internal/utils.go:336.2,336.17 1 0
github.com/echovault/sugardb/internal/utils.go:339.67,342.16 3 0
github.com/echovault/sugardb/internal/utils.go:342.16,344.3 1 0
github.com/echovault/sugardb/internal/utils.go:345.2,345.16 1 0
github.com/echovault/sugardb/internal/utils.go:345.16,347.3 1 0
github.com/echovault/sugardb/internal/utils.go:348.2,349.31 2 0
github.com/echovault/sugardb/internal/utils.go:349.31,350.18 1 0
github.com/echovault/sugardb/internal/utils.go:350.18,352.12 2 0
github.com/echovault/sugardb/internal/utils.go:354.3,355.33 2 0
github.com/echovault/sugardb/internal/utils.go:355.33,357.4 1 0
github.com/echovault/sugardb/internal/utils.go:358.3,358.17 1 0
github.com/echovault/sugardb/internal/utils.go:360.2,360.17 1 0
github.com/echovault/sugardb/internal/utils.go:363.57,366.16 3 0
github.com/echovault/sugardb/internal/utils.go:366.16,368.3 1 0
github.com/echovault/sugardb/internal/utils.go:369.2,369.16 1 0
github.com/echovault/sugardb/internal/utils.go:369.16,371.3 1 0
github.com/echovault/sugardb/internal/utils.go:372.2,373.30 2 0
github.com/echovault/sugardb/internal/utils.go:373.30,374.17 1 0
github.com/echovault/sugardb/internal/utils.go:374.17,376.12 2 0
github.com/echovault/sugardb/internal/utils.go:378.3,378.23 1 0
github.com/echovault/sugardb/internal/utils.go:380.2,380.17 1 0
github.com/echovault/sugardb/internal/utils.go:383.58,386.16 3 0
github.com/echovault/sugardb/internal/utils.go:386.16,388.3 1 0
github.com/echovault/sugardb/internal/utils.go:389.2,389.16 1 0
github.com/echovault/sugardb/internal/utils.go:389.16,391.3 1 0
github.com/echovault/sugardb/internal/utils.go:392.2,393.30 2 0
github.com/echovault/sugardb/internal/utils.go:393.30,394.17 1 0
github.com/echovault/sugardb/internal/utils.go:394.17,396.12 2 0
github.com/echovault/sugardb/internal/utils.go:398.3,398.20 1 0
github.com/echovault/sugardb/internal/utils.go:400.2,400.17 1 0
github.com/echovault/sugardb/internal/utils.go:403.70,404.32 1 0
github.com/echovault/sugardb/internal/utils.go:404.32,405.60 1 0
github.com/echovault/sugardb/internal/utils.go:405.60,407.4 1 0
github.com/echovault/sugardb/internal/utils.go:407.6,409.4 1 0
github.com/echovault/sugardb/internal/utils.go:411.2,411.30 1 0
github.com/echovault/sugardb/internal/utils.go:411.30,412.62 1 0
github.com/echovault/sugardb/internal/utils.go:412.62,414.4 1 0
github.com/echovault/sugardb/internal/utils.go:414.6,416.4 1 0
github.com/echovault/sugardb/internal/utils.go:418.2,418.13 1 0
github.com/echovault/sugardb/internal/utils.go:421.33,423.16 2 0
github.com/echovault/sugardb/internal/utils.go:423.16,425.3 1 0
github.com/echovault/sugardb/internal/utils.go:427.2,428.16 2 0
github.com/echovault/sugardb/internal/utils.go:428.16,430.3 1 0
github.com/echovault/sugardb/internal/utils.go:431.2,431.15 1 0
github.com/echovault/sugardb/internal/utils.go:431.15,433.3 1 0
github.com/echovault/sugardb/internal/utils.go:435.2,435.42 1 0
github.com/echovault/sugardb/internal/utils.go:438.61,443.12 4 0
github.com/echovault/sugardb/internal/utils.go:443.12,444.7 1 0
github.com/echovault/sugardb/internal/utils.go:444.7,446.73 2 0
github.com/echovault/sugardb/internal/utils.go:446.73,448.13 1 0
github.com/echovault/sugardb/internal/utils.go:450.4,450.9 1 0
github.com/echovault/sugardb/internal/utils.go:452.3,452.21 1 0
github.com/echovault/sugardb/internal/utils.go:455.2,456.15 2 0
github.com/echovault/sugardb/internal/utils.go:456.15,458.3 1 0
github.com/echovault/sugardb/internal/utils.go:460.2,460.9 1 0
github.com/echovault/sugardb/internal/utils.go:461.18,462.47 1 0
github.com/echovault/sugardb/internal/utils.go:463.14,464.19 1 0
github.com/echovault/sugardb/internal/utils.go:468.84,473.12 4 0
github.com/echovault/sugardb/internal/utils.go:473.12,474.7 1 0
github.com/echovault/sugardb/internal/utils.go:474.7,476.73 2 0
github.com/echovault/sugardb/internal/utils.go:476.73,478.13 1 0
github.com/echovault/sugardb/internal/utils.go:480.4,480.9 1 0
github.com/echovault/sugardb/internal/utils.go:482.3,482.21 1 0
github.com/echovault/sugardb/internal/utils.go:485.2,486.15 2 0
github.com/echovault/sugardb/internal/utils.go:486.15,488.3 1 0
github.com/echovault/sugardb/internal/utils.go:490.2,490.9 1 0
github.com/echovault/sugardb/internal/utils.go:491.18,492.47 1 0
github.com/echovault/sugardb/internal/utils.go:493.14,494.19 1 0
github.com/echovault/sugardb/internal/types.go:35.43,40.29 3 0
github.com/echovault/sugardb/internal/types.go:41.11,42.12 1 0
github.com/echovault/sugardb/internal/types.go:44.11,45.34 1 0
github.com/echovault/sugardb/internal/types.go:47.22,48.12 1 0
github.com/echovault/sugardb/internal/types.go:49.14,52.24 2 0
github.com/echovault/sugardb/internal/types.go:56.30,60.27 2 0
github.com/echovault/sugardb/internal/types.go:60.27,63.28 3 0
github.com/echovault/sugardb/internal/types.go:65.13,66.14 1 0
github.com/echovault/sugardb/internal/types.go:67.13,68.37 1 0
github.com/echovault/sugardb/internal/types.go:69.24,70.14 1 0
github.com/echovault/sugardb/internal/types.go:71.16,73.27 2 0
github.com/echovault/sugardb/internal/types.go:78.16,79.23 1 0
github.com/echovault/sugardb/internal/types.go:79.23,82.4 2 0
github.com/echovault/sugardb/internal/types.go:85.31,86.53 1 0
github.com/echovault/sugardb/internal/types.go:88.10,89.117 1 0
github.com/echovault/sugardb/internal/types.go:92.2,92.18 1 0
github.com/echovault/sugardb/internal/utils.go:41.38,45.16 2 0
github.com/echovault/sugardb/internal/utils.go:45.16,47.3 1 0
github.com/echovault/sugardb/internal/utils.go:49.2,49.15 1 0
github.com/echovault/sugardb/internal/utils.go:49.15,52.3 2 0
github.com/echovault/sugardb/internal/utils.go:54.2,56.10 2 0
github.com/echovault/sugardb/internal/utils.go:59.43,63.16 3 0
github.com/echovault/sugardb/internal/utils.go:63.16,65.3 1 0
github.com/echovault/sugardb/internal/utils.go:67.2,68.42 2 0
github.com/echovault/sugardb/internal/utils.go:68.42,70.3 1 0
github.com/echovault/sugardb/internal/utils.go:72.2,72.17 1 0
github.com/echovault/sugardb/internal/utils.go:75.47,82.6 4 0
github.com/echovault/sugardb/internal/utils.go:82.6,84.43 2 0
github.com/echovault/sugardb/internal/utils.go:84.43,85.9 1 0
github.com/echovault/sugardb/internal/utils.go:87.3,87.17 1 0
github.com/echovault/sugardb/internal/utils.go:87.17,89.4 1 0
github.com/echovault/sugardb/internal/utils.go:90.3,91.21 2 0
github.com/echovault/sugardb/internal/utils.go:91.21,92.9 1 0
github.com/echovault/sugardb/internal/utils.go:94.3,94.15 1 0
github.com/echovault/sugardb/internal/utils.go:97.2,97.37 1 0
github.com/echovault/sugardb/internal/utils.go:100.120,102.20 2 0
github.com/echovault/sugardb/internal/utils.go:102.20,104.3 1 0
github.com/echovault/sugardb/internal/utils.go:105.2,105.16 1 0
github.com/echovault/sugardb/internal/utils.go:105.16,107.3 1 0
github.com/echovault/sugardb/internal/utils.go:108.2,108.24 1 0
github.com/echovault/sugardb/internal/utils.go:108.24,110.3 1 0
github.com/echovault/sugardb/internal/utils.go:111.2,111.21 1 0
github.com/echovault/sugardb/internal/utils.go:111.21,113.3 1 0
github.com/echovault/sugardb/internal/utils.go:114.2,114.16 1 0
github.com/echovault/sugardb/internal/utils.go:117.37,119.16 2 0
github.com/echovault/sugardb/internal/utils.go:119.16,121.3 1 0
github.com/echovault/sugardb/internal/utils.go:122.2,122.15 1 0
github.com/echovault/sugardb/internal/utils.go:122.15,123.37 1 0
github.com/echovault/sugardb/internal/utils.go:123.37,125.4 1 0
github.com/echovault/sugardb/internal/utils.go:128.2,130.23 2 0
github.com/echovault/sugardb/internal/utils.go:133.72,134.65 1 0
github.com/echovault/sugardb/internal/utils.go:134.65,137.3 1 0
github.com/echovault/sugardb/internal/utils.go:138.2,138.18 1 0
github.com/echovault/sugardb/internal/utils.go:138.18,141.3 1 0
github.com/echovault/sugardb/internal/utils.go:142.2,142.49 1 0
github.com/echovault/sugardb/internal/utils.go:142.49,143.52 1 0
github.com/echovault/sugardb/internal/utils.go:143.52,145.4 1 0
github.com/echovault/sugardb/internal/utils.go:147.2,147.71 1 0
github.com/echovault/sugardb/internal/utils.go:150.66,152.2 1 0
github.com/echovault/sugardb/internal/utils.go:154.24,155.11 1 0
github.com/echovault/sugardb/internal/utils.go:155.11,157.3 1 0
github.com/echovault/sugardb/internal/utils.go:158.2,158.10 1 0
github.com/echovault/sugardb/internal/utils.go:162.49,166.16 3 0
github.com/echovault/sugardb/internal/utils.go:166.16,168.3 1 0
github.com/echovault/sugardb/internal/utils.go:170.2,171.17 2 0
github.com/echovault/sugardb/internal/utils.go:172.12,173.19 1 0
github.com/echovault/sugardb/internal/utils.go:174.12,175.26 1 0
github.com/echovault/sugardb/internal/utils.go:176.12,177.33 1 0
github.com/echovault/sugardb/internal/utils.go:178.12,179.40 1 0
github.com/echovault/sugardb/internal/utils.go:180.12,181.47 1 0
github.com/echovault/sugardb/internal/utils.go:182.10,183.91 1 0
github.com/echovault/sugardb/internal/utils.go:186.2,186.30 1 0
github.com/echovault/sugardb/internal/utils.go:190.64,191.20 1 0
github.com/echovault/sugardb/internal/utils.go:191.20,193.3 1 0
github.com/echovault/sugardb/internal/utils.go:196.2,196.33 1 0
github.com/echovault/sugardb/internal/utils.go:196.33,198.3 1 0
github.com/echovault/sugardb/internal/utils.go:203.2,206.37 2 0
github.com/echovault/sugardb/internal/utils.go:210.100,211.36 1 0
github.com/echovault/sugardb/internal/utils.go:211.36,213.26 2 0
github.com/echovault/sugardb/internal/utils.go:213.26,215.35 1 0
github.com/echovault/sugardb/internal/utils.go:215.35,216.13 1 0
github.com/echovault/sugardb/internal/utils.go:219.4,219.30 1 0
github.com/echovault/sugardb/internal/utils.go:219.30,221.5 1 0
github.com/echovault/sugardb/internal/utils.go:223.3,223.36 1 0
github.com/echovault/sugardb/internal/utils.go:223.36,225.4 1 0
github.com/echovault/sugardb/internal/utils.go:227.2,227.14 1 0
github.com/echovault/sugardb/internal/utils.go:232.43,233.14 1 0
github.com/echovault/sugardb/internal/utils.go:233.14,235.3 1 0
github.com/echovault/sugardb/internal/utils.go:236.2,236.30 1 0
github.com/echovault/sugardb/internal/utils.go:236.30,238.3 1 0
github.com/echovault/sugardb/internal/utils.go:239.2,239.30 1 0
github.com/echovault/sugardb/internal/utils.go:239.30,241.3 1 0
github.com/echovault/sugardb/internal/utils.go:243.2,244.21 2 0
github.com/echovault/sugardb/internal/utils.go:244.21,246.3 1 0
github.com/echovault/sugardb/internal/utils.go:248.2,249.29 2 0
github.com/echovault/sugardb/internal/utils.go:249.29,251.13 2 0
github.com/echovault/sugardb/internal/utils.go:251.13,252.9 1 0
github.com/echovault/sugardb/internal/utils.go:256.2,256.10 1 0
github.com/echovault/sugardb/internal/utils.go:259.41,261.28 2 0
github.com/echovault/sugardb/internal/utils.go:261.28,263.3 1 0
github.com/echovault/sugardb/internal/utils.go:264.2,264.20 1 0
github.com/echovault/sugardb/internal/utils.go:267.47,270.16 3 0
github.com/echovault/sugardb/internal/utils.go:270.16,272.3 1 0
github.com/echovault/sugardb/internal/utils.go:273.2,273.24 1 0
github.com/echovault/sugardb/internal/utils.go:276.52,279.16 3 0
github.com/echovault/sugardb/internal/utils.go:279.16,281.3 1 0
github.com/echovault/sugardb/internal/utils.go:282.2,282.24 1 0
github.com/echovault/sugardb/internal/utils.go:285.50,288.16 3 0
github.com/echovault/sugardb/internal/utils.go:288.16,290.3 1 0
github.com/echovault/sugardb/internal/utils.go:291.2,291.25 1 0
github.com/echovault/sugardb/internal/utils.go:294.52,297.16 3 0
github.com/echovault/sugardb/internal/utils.go:297.16,299.3 1 0
github.com/echovault/sugardb/internal/utils.go:300.2,300.23 1 0
github.com/echovault/sugardb/internal/utils.go:303.51,306.16 3 0
github.com/echovault/sugardb/internal/utils.go:306.16,308.3 1 0
github.com/echovault/sugardb/internal/utils.go:309.2,309.22 1 0
github.com/echovault/sugardb/internal/utils.go:312.59,316.16 3 0
github.com/echovault/sugardb/internal/utils.go:316.16,318.3 1 0
github.com/echovault/sugardb/internal/utils.go:320.2,320.16 1 0
github.com/echovault/sugardb/internal/utils.go:320.16,322.3 1 0
github.com/echovault/sugardb/internal/utils.go:324.2,324.39 1 0
github.com/echovault/sugardb/internal/utils.go:324.39,326.3 1 0
github.com/echovault/sugardb/internal/utils.go:328.2,329.30 2 0
github.com/echovault/sugardb/internal/utils.go:329.30,330.17 1 0
github.com/echovault/sugardb/internal/utils.go:330.17,332.12 2 0
github.com/echovault/sugardb/internal/utils.go:334.3,334.22 1 0
github.com/echovault/sugardb/internal/utils.go:336.2,336.17 1 0
github.com/echovault/sugardb/internal/utils.go:339.67,342.16 3 0
github.com/echovault/sugardb/internal/utils.go:342.16,344.3 1 0
github.com/echovault/sugardb/internal/utils.go:345.2,345.16 1 0
github.com/echovault/sugardb/internal/utils.go:345.16,347.3 1 0
github.com/echovault/sugardb/internal/utils.go:348.2,349.31 2 0
github.com/echovault/sugardb/internal/utils.go:349.31,350.18 1 0
github.com/echovault/sugardb/internal/utils.go:350.18,352.12 2 0
github.com/echovault/sugardb/internal/utils.go:354.3,355.33 2 0
github.com/echovault/sugardb/internal/utils.go:355.33,357.4 1 0
github.com/echovault/sugardb/internal/utils.go:358.3,358.17 1 0
github.com/echovault/sugardb/internal/utils.go:360.2,360.17 1 0
github.com/echovault/sugardb/internal/utils.go:363.57,366.16 3 0
github.com/echovault/sugardb/internal/utils.go:366.16,368.3 1 0
github.com/echovault/sugardb/internal/utils.go:369.2,369.16 1 0
github.com/echovault/sugardb/internal/utils.go:369.16,371.3 1 0
github.com/echovault/sugardb/internal/utils.go:372.2,373.30 2 0
github.com/echovault/sugardb/internal/utils.go:373.30,374.17 1 0
github.com/echovault/sugardb/internal/utils.go:374.17,376.12 2 0
github.com/echovault/sugardb/internal/utils.go:378.3,378.23 1 0
github.com/echovault/sugardb/internal/utils.go:380.2,380.17 1 0
github.com/echovault/sugardb/internal/utils.go:383.58,386.16 3 0
github.com/echovault/sugardb/internal/utils.go:386.16,388.3 1 0
github.com/echovault/sugardb/internal/utils.go:389.2,389.16 1 0
github.com/echovault/sugardb/internal/utils.go:389.16,391.3 1 0
github.com/echovault/sugardb/internal/utils.go:392.2,393.30 2 0
github.com/echovault/sugardb/internal/utils.go:393.30,394.17 1 0
github.com/echovault/sugardb/internal/utils.go:394.17,396.12 2 0
github.com/echovault/sugardb/internal/utils.go:398.3,398.20 1 0
github.com/echovault/sugardb/internal/utils.go:400.2,400.17 1 0
github.com/echovault/sugardb/internal/utils.go:403.70,404.32 1 0
github.com/echovault/sugardb/internal/utils.go:404.32,405.60 1 0
github.com/echovault/sugardb/internal/utils.go:405.60,407.4 1 0
github.com/echovault/sugardb/internal/utils.go:407.6,409.4 1 0
github.com/echovault/sugardb/internal/utils.go:411.2,411.30 1 0
github.com/echovault/sugardb/internal/utils.go:411.30,412.62 1 0
github.com/echovault/sugardb/internal/utils.go:412.62,414.4 1 0
github.com/echovault/sugardb/internal/utils.go:414.6,416.4 1 0
github.com/echovault/sugardb/internal/utils.go:418.2,418.13 1 0
github.com/echovault/sugardb/internal/utils.go:421.33,423.16 2 0
github.com/echovault/sugardb/internal/utils.go:423.16,425.3 1 0
github.com/echovault/sugardb/internal/utils.go:427.2,428.16 2 0
github.com/echovault/sugardb/internal/utils.go:428.16,430.3 1 0
github.com/echovault/sugardb/internal/utils.go:431.2,431.15 1 0
github.com/echovault/sugardb/internal/utils.go:431.15,433.3 1 0
github.com/echovault/sugardb/internal/utils.go:435.2,435.42 1 0
github.com/echovault/sugardb/internal/utils.go:438.61,443.12 4 0
github.com/echovault/sugardb/internal/utils.go:443.12,444.7 1 0
github.com/echovault/sugardb/internal/utils.go:444.7,446.73 2 0
github.com/echovault/sugardb/internal/utils.go:446.73,448.13 1 0
github.com/echovault/sugardb/internal/utils.go:450.4,450.9 1 0
github.com/echovault/sugardb/internal/utils.go:452.3,452.21 1 0
github.com/echovault/sugardb/internal/utils.go:455.2,456.15 2 0
github.com/echovault/sugardb/internal/utils.go:456.15,458.3 1 0
github.com/echovault/sugardb/internal/utils.go:460.2,460.9 1 0
github.com/echovault/sugardb/internal/utils.go:461.18,462.47 1 0
github.com/echovault/sugardb/internal/utils.go:463.14,464.19 1 0
github.com/echovault/sugardb/internal/utils.go:468.84,473.12 4 0
github.com/echovault/sugardb/internal/utils.go:473.12,474.7 1 0
github.com/echovault/sugardb/internal/utils.go:474.7,476.73 2 0
github.com/echovault/sugardb/internal/utils.go:476.73,478.13 1 0
github.com/echovault/sugardb/internal/utils.go:480.4,480.9 1 0
github.com/echovault/sugardb/internal/utils.go:482.3,482.21 1 0
github.com/echovault/sugardb/internal/utils.go:485.2,486.15 2 0
github.com/echovault/sugardb/internal/utils.go:486.15,488.3 1 0
github.com/echovault/sugardb/internal/utils.go:490.2,490.9 1 0
github.com/echovault/sugardb/internal/utils.go:491.18,492.47 1 0
github.com/echovault/sugardb/internal/utils.go:493.14,494.19 1 0
github.com/echovault/sugardb/internal/clock/clock.go:14.23,16.43 1 0
github.com/echovault/sugardb/internal/clock/clock.go:16.43,18.3 1 0
github.com/echovault/sugardb/internal/clock/clock.go:19.2,19.20 1 0
github.com/echovault/sugardb/internal/clock/clock.go:24.34,26.2 1 0
github.com/echovault/sugardb/internal/clock/clock.go:28.58,30.2 1 0
github.com/echovault/sugardb/internal/clock/clock.go:34.34,37.2 2 0
github.com/echovault/sugardb/internal/clock/clock.go:39.58,41.2 1 0
github.com/echovault/sugardb/internal/config/config.go:64.34,70.24 3 0
github.com/echovault/sugardb/internal/config/config.go:70.24,72.35 2 0
github.com/echovault/sugardb/internal/config/config.go:72.35,74.5 1 0
github.com/echovault/sugardb/internal/config/config.go:75.4,75.22 1 0
github.com/echovault/sugardb/internal/config/config.go:75.22,77.5 1 0
github.com/echovault/sugardb/internal/config/config.go:78.4,79.14 2 0
github.com/echovault/sugardb/internal/config/config.go:82.2,82.115 1 0
github.com/echovault/sugardb/internal/config/config.go:82.115,85.3 2 0
github.com/echovault/sugardb/internal/config/config.go:87.2,90.29 2 0
github.com/echovault/sugardb/internal/config/config.go:90.29,91.86 1 0
github.com/echovault/sugardb/internal/config/config.go:91.86,93.5 1 0
github.com/echovault/sugardb/internal/config/config.go:93.7,95.5 1 0
github.com/echovault/sugardb/internal/config/config.go:96.4,97.14 2 0
github.com/echovault/sugardb/internal/config/config.go:100.2,103.59 2 0
github.com/echovault/sugardb/internal/config/config.go:103.59,105.17 2 0
github.com/echovault/sugardb/internal/config/config.go:105.17,107.4 1 0
github.com/echovault/sugardb/internal/config/config.go:108.3,109.13 2 0
github.com/echovault/sugardb/internal/config/config.go:112.2,121.88 2 0
github.com/echovault/sugardb/internal/config/config.go:121.88,128.23 3 0
github.com/echovault/sugardb/internal/config/config.go:128.23,130.5 1 0
github.com/echovault/sugardb/internal/config/config.go:131.4,132.14 2 0
github.com/echovault/sugardb/internal/config/config.go:135.2,139.24 2 0
github.com/echovault/sugardb/internal/config/config.go:139.24,140.36 1 0
github.com/echovault/sugardb/internal/config/config.go:140.36,142.5 1 0
github.com/echovault/sugardb/internal/config/config.go:143.4,144.14 2 0
github.com/echovault/sugardb/internal/config/config.go:147.2,188.14 23 0
github.com/echovault/sugardb/internal/config/config.go:188.14,190.3 1 0
github.com/echovault/sugardb/internal/config/config.go:191.2,192.14 2 0
github.com/echovault/sugardb/internal/config/config.go:192.14,194.3 1 0
github.com/echovault/sugardb/internal/config/config.go:196.2,226.22 2 0
github.com/echovault/sugardb/internal/config/config.go:226.22,228.45 1 0
github.com/echovault/sugardb/internal/config/config.go:228.45,229.14 1 0
github.com/echovault/sugardb/internal/config/config.go:230.9,231.17 1 0
github.com/echovault/sugardb/internal/config/config.go:231.17,232.36 1 0
github.com/echovault/sugardb/internal/config/config.go:232.36,234.6 1 0
github.com/echovault/sugardb/internal/config/config.go:237.4,239.22 2 0
github.com/echovault/sugardb/internal/config/config.go:239.22,240.59 1 0
github.com/echovault/sugardb/internal/config/config.go:240.59,242.6 1 0
github.com/echovault/sugardb/internal/config/config.go:245.4,245.39 1 0
github.com/echovault/sugardb/internal/config/config.go:245.39,246.59 1 0
github.com/echovault/sugardb/internal/config/config.go:246.59,248.6 1 0
github.com/echovault/sugardb/internal/config/config.go:254.2,256.45 2 0
github.com/echovault/sugardb/internal/config/config.go:256.45,258.3 1 0
github.com/echovault/sugardb/internal/config/config.go:260.2,260.18 1 0
github.com/echovault/sugardb/internal/config/default.go:9.29,42.2 3 0
github.com/echovault/sugardb/internal/clock/clock.go:14.23,16.43 1 0
github.com/echovault/sugardb/internal/clock/clock.go:16.43,18.3 1 0
github.com/echovault/sugardb/internal/clock/clock.go:19.2,19.20 1 0
github.com/echovault/sugardb/internal/clock/clock.go:24.34,26.2 1 0
github.com/echovault/sugardb/internal/clock/clock.go:28.58,30.2 1 0
github.com/echovault/sugardb/internal/clock/clock.go:34.34,37.2 2 0
github.com/echovault/sugardb/internal/clock/clock.go:39.58,41.2 1 0
github.com/echovault/sugardb/internal/memberlist/broadcast.go:32.88,35.9 2 0
github.com/echovault/sugardb/internal/memberlist/broadcast.go:35.9,37.3 1 0
github.com/echovault/sugardb/internal/memberlist/broadcast.go:39.2,39.33 1 0
github.com/echovault/sugardb/internal/memberlist/broadcast.go:40.18,42.56 1 0
github.com/echovault/sugardb/internal/memberlist/broadcast.go:43.20,45.62 1 0
github.com/echovault/sugardb/internal/memberlist/broadcast.go:46.10,47.15 1 0
github.com/echovault/sugardb/internal/memberlist/broadcast.go:52.60,55.16 2 0
github.com/echovault/sugardb/internal/memberlist/broadcast.go:55.16,58.3 2 0
github.com/echovault/sugardb/internal/memberlist/broadcast.go:60.2,60.12 1 0
github.com/echovault/sugardb/internal/memberlist/broadcast.go:64.55,66.2 0 0
github.com/echovault/sugardb/internal/memberlist/delegate.go:42.47,46.2 1 0
github.com/echovault/sugardb/internal/memberlist/delegate.go:49.54,59.16 3 0
github.com/echovault/sugardb/internal/memberlist/delegate.go:59.16,61.3 1 0
github.com/echovault/sugardb/internal/memberlist/delegate.go:63.2,63.10 1 0
github.com/echovault/sugardb/internal/memberlist/delegate.go:67.54,69.55 2 0
github.com/echovault/sugardb/internal/memberlist/delegate.go:69.55,72.3 2 0
github.com/echovault/sugardb/internal/memberlist/delegate.go:74.2,74.20 1 0
github.com/echovault/sugardb/internal/memberlist/delegate.go:75.18,77.39 1 0
github.com/echovault/sugardb/internal/memberlist/delegate.go:77.39,80.4 2 0
github.com/echovault/sugardb/internal/memberlist/delegate.go:81.3,82.17 2 0
github.com/echovault/sugardb/internal/memberlist/delegate.go:82.17,84.4 1 0
github.com/echovault/sugardb/internal/memberlist/delegate.go:86.19,88.39 1 0
github.com/echovault/sugardb/internal/memberlist/delegate.go:88.39,91.4 2 0
github.com/echovault/sugardb/internal/memberlist/delegate.go:93.3,99.67 3 0
github.com/echovault/sugardb/internal/memberlist/delegate.go:99.67,101.4 1 0
github.com/echovault/sugardb/internal/memberlist/delegate.go:103.20,105.39 1 0
github.com/echovault/sugardb/internal/memberlist/delegate.go:105.39,108.4 2 0
github.com/echovault/sugardb/internal/memberlist/delegate.go:110.3,115.17 3 0
github.com/echovault/sugardb/internal/memberlist/delegate.go:115.17,118.4 2 0
github.com/echovault/sugardb/internal/memberlist/delegate.go:120.3,120.67 1 0
github.com/echovault/sugardb/internal/memberlist/delegate.go:120.67,122.4 1 0
github.com/echovault/sugardb/internal/memberlist/delegate.go:127.71,129.2 1 0
github.com/echovault/sugardb/internal/memberlist/delegate.go:132.56,135.2 1 0
github.com/echovault/sugardb/internal/memberlist/delegate.go:138.68,140.2 0 0
github.com/echovault/sugardb/internal/memberlist/event_delegate.go:33.62,37.2 1 0
github.com/echovault/sugardb/internal/memberlist/event_delegate.go:40.71,42.2 1 0
github.com/echovault/sugardb/internal/memberlist/event_delegate.go:45.72,52.16 4 0
github.com/echovault/sugardb/internal/memberlist/event_delegate.go:52.16,55.3 2 0
github.com/echovault/sugardb/internal/memberlist/event_delegate.go:57.2,59.16 2 0
github.com/echovault/sugardb/internal/memberlist/event_delegate.go:59.16,61.3 1 0
github.com/echovault/sugardb/internal/memberlist/event_delegate.go:65.74,67.2 0 0
github.com/echovault/sugardb/internal/memberlist/memberlist.go:56.43,63.2 1 0
github.com/echovault/sugardb/internal/memberlist/memberlist.go:65.58,80.26 7 0
github.com/echovault/sugardb/internal/memberlist/memberlist.go:80.26,84.4 3 0
github.com/echovault/sugardb/internal/memberlist/memberlist.go:85.26,89.4 3 0
github.com/echovault/sugardb/internal/memberlist/memberlist.go:93.2,94.41 2 0
github.com/echovault/sugardb/internal/memberlist/memberlist.go:94.41,99.3 4 0
github.com/echovault/sugardb/internal/memberlist/memberlist.go:101.2,104.16 3 0
github.com/echovault/sugardb/internal/memberlist/memberlist.go:104.16,106.3 1 0
github.com/echovault/sugardb/internal/memberlist/memberlist.go:108.2,108.37 1 0
github.com/echovault/sugardb/internal/memberlist/memberlist.go:108.37,111.70 2 0
github.com/echovault/sugardb/internal/memberlist/memberlist.go:111.70,113.18 2 0
github.com/echovault/sugardb/internal/memberlist/memberlist.go:113.18,115.5 1 0
github.com/echovault/sugardb/internal/memberlist/memberlist.go:116.4,116.14 1 0
github.com/echovault/sugardb/internal/memberlist/memberlist.go:119.3,119.17 1 0
github.com/echovault/sugardb/internal/memberlist/memberlist.go:119.17,121.4 1 0
github.com/echovault/sugardb/internal/memberlist/memberlist.go:123.3,123.27 1 0
github.com/echovault/sugardb/internal/memberlist/memberlist.go:127.45,137.2 2 0
github.com/echovault/sugardb/internal/memberlist/memberlist.go:141.72,154.2 2 0
github.com/echovault/sugardb/internal/memberlist/memberlist.go:158.75,171.2 2 0
github.com/echovault/sugardb/internal/memberlist/memberlist.go:173.43,176.16 2 0
github.com/echovault/sugardb/internal/memberlist/memberlist.go:176.16,179.3 2 0
github.com/echovault/sugardb/internal/memberlist/memberlist.go:181.2,182.16 2 0
github.com/echovault/sugardb/internal/memberlist/memberlist.go:182.16,185.3 2 0
github.com/echovault/sugardb/internal/memberlist/memberlist.go:187.2,187.49 1 0
github.com/echovault/sugardb/internal/types.go:35.43,40.29 3 0
github.com/echovault/sugardb/internal/types.go:41.11,42.12 1 0
github.com/echovault/sugardb/internal/types.go:44.11,45.34 1 0
github.com/echovault/sugardb/internal/types.go:47.22,48.12 1 0
github.com/echovault/sugardb/internal/types.go:49.14,52.24 2 0
github.com/echovault/sugardb/internal/types.go:56.30,60.27 2 0
github.com/echovault/sugardb/internal/types.go:60.27,63.28 3 0
github.com/echovault/sugardb/internal/types.go:65.13,66.14 1 0
github.com/echovault/sugardb/internal/types.go:67.13,68.37 1 0
github.com/echovault/sugardb/internal/types.go:69.24,70.14 1 0
github.com/echovault/sugardb/internal/types.go:71.16,73.27 2 0
github.com/echovault/sugardb/internal/types.go:78.16,79.23 1 0
github.com/echovault/sugardb/internal/types.go:79.23,82.4 2 0
github.com/echovault/sugardb/internal/types.go:85.31,86.53 1 0
github.com/echovault/sugardb/internal/types.go:88.10,89.117 1 0
github.com/echovault/sugardb/internal/types.go:92.2,92.18 1 0
github.com/echovault/sugardb/internal/utils.go:41.38,45.16 2 0
github.com/echovault/sugardb/internal/utils.go:45.16,47.3 1 0
github.com/echovault/sugardb/internal/utils.go:49.2,49.15 1 0
github.com/echovault/sugardb/internal/utils.go:49.15,52.3 2 0
github.com/echovault/sugardb/internal/utils.go:54.2,56.10 2 0
github.com/echovault/sugardb/internal/utils.go:59.43,63.16 3 0
github.com/echovault/sugardb/internal/utils.go:63.16,65.3 1 0
github.com/echovault/sugardb/internal/utils.go:67.2,68.42 2 0
github.com/echovault/sugardb/internal/utils.go:68.42,70.3 1 0
github.com/echovault/sugardb/internal/utils.go:72.2,72.17 1 0
github.com/echovault/sugardb/internal/utils.go:75.47,82.6 4 0
github.com/echovault/sugardb/internal/utils.go:82.6,84.43 2 0
github.com/echovault/sugardb/internal/utils.go:84.43,85.9 1 0
github.com/echovault/sugardb/internal/utils.go:87.3,87.17 1 0
github.com/echovault/sugardb/internal/utils.go:87.17,89.4 1 0
github.com/echovault/sugardb/internal/utils.go:90.3,91.21 2 0
github.com/echovault/sugardb/internal/utils.go:91.21,92.9 1 0
github.com/echovault/sugardb/internal/utils.go:94.3,94.15 1 0
github.com/echovault/sugardb/internal/utils.go:97.2,97.37 1 0
github.com/echovault/sugardb/internal/utils.go:100.120,102.20 2 0
github.com/echovault/sugardb/internal/utils.go:102.20,104.3 1 0
github.com/echovault/sugardb/internal/utils.go:105.2,105.16 1 0
github.com/echovault/sugardb/internal/utils.go:105.16,107.3 1 0
github.com/echovault/sugardb/internal/utils.go:108.2,108.24 1 0
github.com/echovault/sugardb/internal/utils.go:108.24,110.3 1 0
github.com/echovault/sugardb/internal/utils.go:111.2,111.21 1 0
github.com/echovault/sugardb/internal/utils.go:111.21,113.3 1 0
github.com/echovault/sugardb/internal/utils.go:114.2,114.16 1 0
github.com/echovault/sugardb/internal/utils.go:117.37,119.16 2 0
github.com/echovault/sugardb/internal/utils.go:119.16,121.3 1 0
github.com/echovault/sugardb/internal/utils.go:122.2,122.15 1 0
github.com/echovault/sugardb/internal/utils.go:122.15,123.37 1 0
github.com/echovault/sugardb/internal/utils.go:123.37,125.4 1 0
github.com/echovault/sugardb/internal/utils.go:128.2,130.23 2 0
github.com/echovault/sugardb/internal/utils.go:133.72,134.65 1 0
github.com/echovault/sugardb/internal/utils.go:134.65,137.3 1 0
github.com/echovault/sugardb/internal/utils.go:138.2,138.18 1 0
github.com/echovault/sugardb/internal/utils.go:138.18,141.3 1 0
github.com/echovault/sugardb/internal/utils.go:142.2,142.49 1 0
github.com/echovault/sugardb/internal/utils.go:142.49,143.52 1 0
github.com/echovault/sugardb/internal/utils.go:143.52,145.4 1 0
github.com/echovault/sugardb/internal/utils.go:147.2,147.71 1 0
github.com/echovault/sugardb/internal/utils.go:150.66,152.2 1 0
github.com/echovault/sugardb/internal/utils.go:154.24,155.11 1 0
github.com/echovault/sugardb/internal/utils.go:155.11,157.3 1 0
github.com/echovault/sugardb/internal/utils.go:158.2,158.10 1 0
github.com/echovault/sugardb/internal/utils.go:162.49,166.16 3 0
github.com/echovault/sugardb/internal/utils.go:166.16,168.3 1 0
github.com/echovault/sugardb/internal/utils.go:170.2,171.17 2 0
github.com/echovault/sugardb/internal/utils.go:172.12,173.19 1 0
github.com/echovault/sugardb/internal/utils.go:174.12,175.26 1 0
github.com/echovault/sugardb/internal/utils.go:176.12,177.33 1 0
github.com/echovault/sugardb/internal/utils.go:178.12,179.40 1 0
github.com/echovault/sugardb/internal/utils.go:180.12,181.47 1 0
github.com/echovault/sugardb/internal/utils.go:182.10,183.91 1 0
github.com/echovault/sugardb/internal/utils.go:186.2,186.30 1 0
github.com/echovault/sugardb/internal/utils.go:190.64,191.20 1 0
github.com/echovault/sugardb/internal/utils.go:191.20,193.3 1 0
github.com/echovault/sugardb/internal/utils.go:196.2,196.33 1 0
github.com/echovault/sugardb/internal/utils.go:196.33,198.3 1 0
github.com/echovault/sugardb/internal/utils.go:203.2,206.37 2 0
github.com/echovault/sugardb/internal/utils.go:210.100,211.36 1 1
github.com/echovault/sugardb/internal/utils.go:211.36,213.26 2 1
github.com/echovault/sugardb/internal/utils.go:213.26,215.35 1 1
github.com/echovault/sugardb/internal/utils.go:215.35,216.13 1 0
github.com/echovault/sugardb/internal/utils.go:219.4,219.30 1 1
github.com/echovault/sugardb/internal/utils.go:219.30,221.5 1 1
github.com/echovault/sugardb/internal/utils.go:223.3,223.36 1 1
github.com/echovault/sugardb/internal/utils.go:223.36,225.4 1 1
github.com/echovault/sugardb/internal/utils.go:227.2,227.14 1 1
github.com/echovault/sugardb/internal/utils.go:232.43,233.14 1 0
github.com/echovault/sugardb/internal/utils.go:233.14,235.3 1 0
github.com/echovault/sugardb/internal/utils.go:236.2,236.30 1 0
github.com/echovault/sugardb/internal/utils.go:236.30,238.3 1 0
github.com/echovault/sugardb/internal/utils.go:239.2,239.30 1 0
github.com/echovault/sugardb/internal/utils.go:239.30,241.3 1 0
github.com/echovault/sugardb/internal/utils.go:243.2,244.21 2 0
github.com/echovault/sugardb/internal/utils.go:244.21,246.3 1 0
github.com/echovault/sugardb/internal/utils.go:248.2,249.29 2 0
github.com/echovault/sugardb/internal/utils.go:249.29,251.13 2 0
github.com/echovault/sugardb/internal/utils.go:251.13,252.9 1 0
github.com/echovault/sugardb/internal/utils.go:256.2,256.10 1 0
github.com/echovault/sugardb/internal/utils.go:259.41,261.28 2 0
github.com/echovault/sugardb/internal/utils.go:261.28,263.3 1 0
github.com/echovault/sugardb/internal/utils.go:264.2,264.20 1 0
github.com/echovault/sugardb/internal/utils.go:267.47,270.16 3 0
github.com/echovault/sugardb/internal/utils.go:270.16,272.3 1 0
github.com/echovault/sugardb/internal/utils.go:273.2,273.24 1 0
github.com/echovault/sugardb/internal/utils.go:276.52,279.16 3 0
github.com/echovault/sugardb/internal/utils.go:279.16,281.3 1 0
github.com/echovault/sugardb/internal/utils.go:282.2,282.24 1 0
github.com/echovault/sugardb/internal/utils.go:285.50,288.16 3 0
github.com/echovault/sugardb/internal/utils.go:288.16,290.3 1 0
github.com/echovault/sugardb/internal/utils.go:291.2,291.25 1 0
github.com/echovault/sugardb/internal/utils.go:294.52,297.16 3 0
github.com/echovault/sugardb/internal/utils.go:297.16,299.3 1 0
github.com/echovault/sugardb/internal/utils.go:300.2,300.23 1 0
github.com/echovault/sugardb/internal/utils.go:303.51,306.16 3 0
github.com/echovault/sugardb/internal/utils.go:306.16,308.3 1 0
github.com/echovault/sugardb/internal/utils.go:309.2,309.22 1 0
github.com/echovault/sugardb/internal/utils.go:312.59,316.16 3 0
github.com/echovault/sugardb/internal/utils.go:316.16,318.3 1 0
github.com/echovault/sugardb/internal/utils.go:320.2,320.16 1 0
github.com/echovault/sugardb/internal/utils.go:320.16,322.3 1 0
github.com/echovault/sugardb/internal/utils.go:324.2,324.39 1 0
github.com/echovault/sugardb/internal/utils.go:324.39,326.3 1 0
github.com/echovault/sugardb/internal/utils.go:328.2,329.30 2 0
github.com/echovault/sugardb/internal/utils.go:329.30,330.17 1 0
github.com/echovault/sugardb/internal/utils.go:330.17,332.12 2 0
github.com/echovault/sugardb/internal/utils.go:334.3,334.22 1 0
github.com/echovault/sugardb/internal/utils.go:336.2,336.17 1 0
github.com/echovault/sugardb/internal/utils.go:339.67,342.16 3 0
github.com/echovault/sugardb/internal/utils.go:342.16,344.3 1 0
github.com/echovault/sugardb/internal/utils.go:345.2,345.16 1 0
github.com/echovault/sugardb/internal/utils.go:345.16,347.3 1 0
github.com/echovault/sugardb/internal/utils.go:348.2,349.31 2 0
github.com/echovault/sugardb/internal/utils.go:349.31,350.18 1 0
github.com/echovault/sugardb/internal/utils.go:350.18,352.12 2 0
github.com/echovault/sugardb/internal/utils.go:354.3,355.33 2 0
github.com/echovault/sugardb/internal/utils.go:355.33,357.4 1 0
github.com/echovault/sugardb/internal/utils.go:358.3,358.17 1 0
github.com/echovault/sugardb/internal/utils.go:360.2,360.17 1 0
github.com/echovault/sugardb/internal/utils.go:363.57,366.16 3 0
github.com/echovault/sugardb/internal/utils.go:366.16,368.3 1 0
github.com/echovault/sugardb/internal/utils.go:369.2,369.16 1 0
github.com/echovault/sugardb/internal/utils.go:369.16,371.3 1 0
github.com/echovault/sugardb/internal/utils.go:372.2,373.30 2 0
github.com/echovault/sugardb/internal/utils.go:373.30,374.17 1 0
github.com/echovault/sugardb/internal/utils.go:374.17,376.12 2 0
github.com/echovault/sugardb/internal/utils.go:378.3,378.23 1 0
github.com/echovault/sugardb/internal/utils.go:380.2,380.17 1 0
github.com/echovault/sugardb/internal/utils.go:383.58,386.16 3 0
github.com/echovault/sugardb/internal/utils.go:386.16,388.3 1 0
github.com/echovault/sugardb/internal/utils.go:389.2,389.16 1 0
github.com/echovault/sugardb/internal/utils.go:389.16,391.3 1 0
github.com/echovault/sugardb/internal/utils.go:392.2,393.30 2 0
github.com/echovault/sugardb/internal/utils.go:393.30,394.17 1 0
github.com/echovault/sugardb/internal/utils.go:394.17,396.12 2 0
github.com/echovault/sugardb/internal/utils.go:398.3,398.20 1 0
github.com/echovault/sugardb/internal/utils.go:400.2,400.17 1 0
github.com/echovault/sugardb/internal/utils.go:403.70,404.32 1 0
github.com/echovault/sugardb/internal/utils.go:404.32,405.60 1 0
github.com/echovault/sugardb/internal/utils.go:405.60,407.4 1 0
github.com/echovault/sugardb/internal/utils.go:407.6,409.4 1 0
github.com/echovault/sugardb/internal/utils.go:411.2,411.30 1 0
github.com/echovault/sugardb/internal/utils.go:411.30,412.62 1 0
github.com/echovault/sugardb/internal/utils.go:412.62,414.4 1 0
github.com/echovault/sugardb/internal/utils.go:414.6,416.4 1 0
github.com/echovault/sugardb/internal/utils.go:418.2,418.13 1 0
github.com/echovault/sugardb/internal/utils.go:421.33,423.16 2 0
github.com/echovault/sugardb/internal/utils.go:423.16,425.3 1 0
github.com/echovault/sugardb/internal/utils.go:427.2,428.16 2 0
github.com/echovault/sugardb/internal/utils.go:428.16,430.3 1 0
github.com/echovault/sugardb/internal/utils.go:431.2,431.15 1 0
github.com/echovault/sugardb/internal/utils.go:431.15,433.3 1 0
github.com/echovault/sugardb/internal/utils.go:435.2,435.42 1 0
github.com/echovault/sugardb/internal/utils.go:438.61,443.12 4 0
github.com/echovault/sugardb/internal/utils.go:443.12,444.7 1 0
github.com/echovault/sugardb/internal/utils.go:444.7,446.73 2 0
github.com/echovault/sugardb/internal/utils.go:446.73,448.13 1 0
github.com/echovault/sugardb/internal/utils.go:450.4,450.9 1 0
github.com/echovault/sugardb/internal/utils.go:452.3,452.21 1 0
github.com/echovault/sugardb/internal/utils.go:455.2,456.15 2 0
github.com/echovault/sugardb/internal/utils.go:456.15,458.3 1 0
github.com/echovault/sugardb/internal/utils.go:460.2,460.9 1 0
github.com/echovault/sugardb/internal/utils.go:461.18,462.47 1 0
github.com/echovault/sugardb/internal/utils.go:463.14,464.19 1 0
github.com/echovault/sugardb/internal/utils.go:468.84,473.12 4 0
github.com/echovault/sugardb/internal/utils.go:473.12,474.7 1 0
github.com/echovault/sugardb/internal/utils.go:474.7,476.73 2 0
github.com/echovault/sugardb/internal/utils.go:476.73,478.13 1 0
github.com/echovault/sugardb/internal/utils.go:480.4,480.9 1 0
github.com/echovault/sugardb/internal/utils.go:482.3,482.21 1 0
github.com/echovault/sugardb/internal/utils.go:485.2,486.15 2 0
github.com/echovault/sugardb/internal/utils.go:486.15,488.3 1 0
github.com/echovault/sugardb/internal/utils.go:490.2,490.9 1 0
github.com/echovault/sugardb/internal/utils.go:491.18,492.47 1 0
github.com/echovault/sugardb/internal/utils.go:493.14,494.19 1 0
github.com/echovault/sugardb/internal/aof/preamble/store.go:44.54,45.28 1 1
github.com/echovault/sugardb/internal/aof/preamble/store.go:45.28,47.3 1 1
github.com/echovault/sugardb/internal/aof/preamble/store.go:50.55,51.28 1 0
github.com/echovault/sugardb/internal/aof/preamble/store.go:51.28,53.3 1 0
github.com/echovault/sugardb/internal/aof/preamble/store.go:56.88,57.28 1 1
github.com/echovault/sugardb/internal/aof/preamble/store.go:57.28,59.3 1 1
github.com/echovault/sugardb/internal/aof/preamble/store.go:62.101,63.28 1 1
github.com/echovault/sugardb/internal/aof/preamble/store.go:63.28,65.3 1 1
github.com/echovault/sugardb/internal/aof/preamble/store.go:68.57,69.28 1 1
github.com/echovault/sugardb/internal/aof/preamble/store.go:69.28,71.3 1 1
github.com/echovault/sugardb/internal/aof/preamble/store.go:74.70,80.60 1 1
github.com/echovault/sugardb/internal/aof/preamble/store.go:80.60,83.4 1 0
github.com/echovault/sugardb/internal/aof/preamble/store.go:84.74,84.75 0 0
github.com/echovault/sugardb/internal/aof/preamble/store.go:87.2,87.33 1 1
github.com/echovault/sugardb/internal/aof/preamble/store.go:87.33,89.3 1 1
github.com/echovault/sugardb/internal/aof/preamble/store.go:92.2,92.46 1 1
github.com/echovault/sugardb/internal/aof/preamble/store.go:92.46,94.17 2 1
github.com/echovault/sugardb/internal/aof/preamble/store.go:94.17,96.4 1 0
github.com/echovault/sugardb/internal/aof/preamble/store.go:97.3,98.17 2 1
github.com/echovault/sugardb/internal/aof/preamble/store.go:98.17,100.4 1 0
github.com/echovault/sugardb/internal/aof/preamble/store.go:101.3,101.15 1 1
github.com/echovault/sugardb/internal/aof/preamble/store.go:104.2,104.19 1 1
github.com/echovault/sugardb/internal/aof/preamble/store.go:107.44,114.16 5 1
github.com/echovault/sugardb/internal/aof/preamble/store.go:114.16,116.3 1 0
github.com/echovault/sugardb/internal/aof/preamble/store.go:119.2,119.44 1 1
github.com/echovault/sugardb/internal/aof/preamble/store.go:119.44,121.3 1 0
github.com/echovault/sugardb/internal/aof/preamble/store.go:123.2,123.46 1 1
github.com/echovault/sugardb/internal/aof/preamble/store.go:123.46,125.3 1 0
github.com/echovault/sugardb/internal/aof/preamble/store.go:127.2,127.44 1 1
github.com/echovault/sugardb/internal/aof/preamble/store.go:127.44,129.3 1 0
github.com/echovault/sugardb/internal/aof/preamble/store.go:132.2,132.39 1 1
github.com/echovault/sugardb/internal/aof/preamble/store.go:132.39,134.3 1 0
github.com/echovault/sugardb/internal/aof/preamble/store.go:136.2,136.12 1 1
github.com/echovault/sugardb/internal/aof/preamble/store.go:139.37,140.21 1 1
github.com/echovault/sugardb/internal/aof/preamble/store.go:140.21,142.3 1 0
github.com/echovault/sugardb/internal/aof/preamble/store.go:145.2,145.47 1 1
github.com/echovault/sugardb/internal/aof/preamble/store.go:145.47,147.3 1 0
github.com/echovault/sugardb/internal/aof/preamble/store.go:149.2,150.16 2 1
github.com/echovault/sugardb/internal/aof/preamble/store.go:150.16,152.3 1 0
github.com/echovault/sugardb/internal/aof/preamble/store.go:154.2,154.17 1 1
github.com/echovault/sugardb/internal/aof/preamble/store.go:154.17,156.3 1 0
github.com/echovault/sugardb/internal/aof/preamble/store.go:158.2,159.49 2 1
github.com/echovault/sugardb/internal/aof/preamble/store.go:159.49,161.3 1 0
github.com/echovault/sugardb/internal/aof/preamble/store.go:163.2,163.83 1 1
github.com/echovault/sugardb/internal/aof/preamble/store.go:163.83,164.34 1 1
github.com/echovault/sugardb/internal/aof/preamble/store.go:164.34,166.4 1 1
github.com/echovault/sugardb/internal/aof/preamble/store.go:169.2,169.12 1 1
github.com/echovault/sugardb/internal/aof/preamble/store.go:172.35,175.21 3 0
github.com/echovault/sugardb/internal/aof/preamble/store.go:175.21,177.3 1 0
github.com/echovault/sugardb/internal/aof/preamble/store.go:178.2,178.41 1 0
github.com/echovault/sugardb/internal/aof/preamble/store.go:178.41,180.3 1 0
github.com/echovault/sugardb/internal/aof/preamble/store.go:181.2,181.12 1 0
github.com/echovault/sugardb/internal/clock/clock.go:14.23,16.43 1 1
github.com/echovault/sugardb/internal/clock/clock.go:16.43,18.3 1 1
github.com/echovault/sugardb/internal/clock/clock.go:19.2,19.20 1 0
github.com/echovault/sugardb/internal/clock/clock.go:24.34,26.2 1 0
github.com/echovault/sugardb/internal/clock/clock.go:28.58,30.2 1 0
github.com/echovault/sugardb/internal/clock/clock.go:34.34,37.2 2 1
github.com/echovault/sugardb/internal/clock/clock.go:39.58,41.2 1 0
github.com/echovault/sugardb/internal/types.go:35.43,40.29 3 0
github.com/echovault/sugardb/internal/types.go:41.11,42.12 1 0
github.com/echovault/sugardb/internal/types.go:44.11,45.34 1 0
github.com/echovault/sugardb/internal/types.go:47.22,48.12 1 0
github.com/echovault/sugardb/internal/types.go:49.14,52.24 2 0
github.com/echovault/sugardb/internal/types.go:56.30,60.27 2 0
github.com/echovault/sugardb/internal/types.go:60.27,63.28 3 0
github.com/echovault/sugardb/internal/types.go:65.13,66.14 1 0
github.com/echovault/sugardb/internal/types.go:67.13,68.37 1 0
github.com/echovault/sugardb/internal/types.go:69.24,70.14 1 0
github.com/echovault/sugardb/internal/types.go:71.16,73.27 2 0
github.com/echovault/sugardb/internal/types.go:78.16,79.23 1 0
github.com/echovault/sugardb/internal/types.go:79.23,82.4 2 0
github.com/echovault/sugardb/internal/types.go:85.31,86.53 1 0
github.com/echovault/sugardb/internal/types.go:88.10,89.117 1 0
github.com/echovault/sugardb/internal/types.go:92.2,92.18 1 0
github.com/echovault/sugardb/internal/utils.go:41.38,45.16 2 0
github.com/echovault/sugardb/internal/utils.go:45.16,47.3 1 0
github.com/echovault/sugardb/internal/utils.go:49.2,49.15 1 0
github.com/echovault/sugardb/internal/utils.go:49.15,52.3 2 0
github.com/echovault/sugardb/internal/utils.go:54.2,56.10 2 0
github.com/echovault/sugardb/internal/utils.go:59.43,63.16 3 1
github.com/echovault/sugardb/internal/utils.go:63.16,65.3 1 0
github.com/echovault/sugardb/internal/utils.go:67.2,68.42 2 1
github.com/echovault/sugardb/internal/utils.go:68.42,70.3 1 1
github.com/echovault/sugardb/internal/utils.go:72.2,72.17 1 1
github.com/echovault/sugardb/internal/utils.go:75.47,82.6 4 0
github.com/echovault/sugardb/internal/utils.go:82.6,84.43 2 0
github.com/echovault/sugardb/internal/utils.go:84.43,85.9 1 0
github.com/echovault/sugardb/internal/utils.go:87.3,87.17 1 0
github.com/echovault/sugardb/internal/utils.go:87.17,89.4 1 0
github.com/echovault/sugardb/internal/utils.go:90.3,91.21 2 0
github.com/echovault/sugardb/internal/utils.go:91.21,92.9 1 0
github.com/echovault/sugardb/internal/utils.go:94.3,94.15 1 0
github.com/echovault/sugardb/internal/utils.go:97.2,97.37 1 0
github.com/echovault/sugardb/internal/utils.go:100.120,102.20 2 0
github.com/echovault/sugardb/internal/utils.go:102.20,104.3 1 0
github.com/echovault/sugardb/internal/utils.go:105.2,105.16 1 0
github.com/echovault/sugardb/internal/utils.go:105.16,107.3 1 0
github.com/echovault/sugardb/internal/utils.go:108.2,108.24 1 0
github.com/echovault/sugardb/internal/utils.go:108.24,110.3 1 0
github.com/echovault/sugardb/internal/utils.go:111.2,111.21 1 0
github.com/echovault/sugardb/internal/utils.go:111.21,113.3 1 0
github.com/echovault/sugardb/internal/utils.go:114.2,114.16 1 0
github.com/echovault/sugardb/internal/utils.go:117.37,119.16 2 0
github.com/echovault/sugardb/internal/utils.go:119.16,121.3 1 0
github.com/echovault/sugardb/internal/utils.go:122.2,122.15 1 0
github.com/echovault/sugardb/internal/utils.go:122.15,123.37 1 0
github.com/echovault/sugardb/internal/utils.go:123.37,125.4 1 0
github.com/echovault/sugardb/internal/utils.go:128.2,130.23 2 0
github.com/echovault/sugardb/internal/utils.go:133.72,134.65 1 0
github.com/echovault/sugardb/internal/utils.go:134.65,137.3 1 0
github.com/echovault/sugardb/internal/utils.go:138.2,138.18 1 0
github.com/echovault/sugardb/internal/utils.go:138.18,141.3 1 0
github.com/echovault/sugardb/internal/utils.go:142.2,142.49 1 0
github.com/echovault/sugardb/internal/utils.go:142.49,143.52 1 0
github.com/echovault/sugardb/internal/utils.go:143.52,145.4 1 0
github.com/echovault/sugardb/internal/utils.go:147.2,147.71 1 0
github.com/echovault/sugardb/internal/utils.go:150.66,152.2 1 0
github.com/echovault/sugardb/internal/utils.go:154.24,155.11 1 0
github.com/echovault/sugardb/internal/utils.go:155.11,157.3 1 0
github.com/echovault/sugardb/internal/utils.go:158.2,158.10 1 0
github.com/echovault/sugardb/internal/utils.go:162.49,166.16 3 0
github.com/echovault/sugardb/internal/utils.go:166.16,168.3 1 0
github.com/echovault/sugardb/internal/utils.go:170.2,171.17 2 0
github.com/echovault/sugardb/internal/utils.go:172.12,173.19 1 0
github.com/echovault/sugardb/internal/utils.go:174.12,175.26 1 0
github.com/echovault/sugardb/internal/utils.go:176.12,177.33 1 0
github.com/echovault/sugardb/internal/utils.go:178.12,179.40 1 0
github.com/echovault/sugardb/internal/utils.go:180.12,181.47 1 0
github.com/echovault/sugardb/internal/utils.go:182.10,183.91 1 0
github.com/echovault/sugardb/internal/utils.go:186.2,186.30 1 0
github.com/echovault/sugardb/internal/utils.go:190.64,191.20 1 0
github.com/echovault/sugardb/internal/utils.go:191.20,193.3 1 0
github.com/echovault/sugardb/internal/utils.go:196.2,196.33 1 0
github.com/echovault/sugardb/internal/utils.go:196.33,198.3 1 0
github.com/echovault/sugardb/internal/utils.go:203.2,206.37 2 0
github.com/echovault/sugardb/internal/utils.go:210.100,211.36 1 0
github.com/echovault/sugardb/internal/utils.go:211.36,213.26 2 0
github.com/echovault/sugardb/internal/utils.go:213.26,215.35 1 0
github.com/echovault/sugardb/internal/utils.go:215.35,216.13 1 0
github.com/echovault/sugardb/internal/utils.go:219.4,219.30 1 0
github.com/echovault/sugardb/internal/utils.go:219.30,221.5 1 0
github.com/echovault/sugardb/internal/utils.go:223.3,223.36 1 0
github.com/echovault/sugardb/internal/utils.go:223.36,225.4 1 0
github.com/echovault/sugardb/internal/utils.go:227.2,227.14 1 0
github.com/echovault/sugardb/internal/utils.go:232.43,233.14 1 0
github.com/echovault/sugardb/internal/utils.go:233.14,235.3 1 0
github.com/echovault/sugardb/internal/utils.go:236.2,236.30 1 0
github.com/echovault/sugardb/internal/utils.go:236.30,238.3 1 0
github.com/echovault/sugardb/internal/utils.go:239.2,239.30 1 0
github.com/echovault/sugardb/internal/utils.go:239.30,241.3 1 0
github.com/echovault/sugardb/internal/utils.go:243.2,244.21 2 0
github.com/echovault/sugardb/internal/utils.go:244.21,246.3 1 0
github.com/echovault/sugardb/internal/utils.go:248.2,249.29 2 0
github.com/echovault/sugardb/internal/utils.go:249.29,251.13 2 0
github.com/echovault/sugardb/internal/utils.go:251.13,252.9 1 0
github.com/echovault/sugardb/internal/utils.go:256.2,256.10 1 0
github.com/echovault/sugardb/internal/utils.go:259.41,261.28 2 0
github.com/echovault/sugardb/internal/utils.go:261.28,263.3 1 0
github.com/echovault/sugardb/internal/utils.go:264.2,264.20 1 0
github.com/echovault/sugardb/internal/utils.go:267.47,270.16 3 0
github.com/echovault/sugardb/internal/utils.go:270.16,272.3 1 0
github.com/echovault/sugardb/internal/utils.go:273.2,273.24 1 0
github.com/echovault/sugardb/internal/utils.go:276.52,279.16 3 0
github.com/echovault/sugardb/internal/utils.go:279.16,281.3 1 0
github.com/echovault/sugardb/internal/utils.go:282.2,282.24 1 0
github.com/echovault/sugardb/internal/utils.go:285.50,288.16 3 0
github.com/echovault/sugardb/internal/utils.go:288.16,290.3 1 0
github.com/echovault/sugardb/internal/utils.go:291.2,291.25 1 0
github.com/echovault/sugardb/internal/utils.go:294.52,297.16 3 0
github.com/echovault/sugardb/internal/utils.go:297.16,299.3 1 0
github.com/echovault/sugardb/internal/utils.go:300.2,300.23 1 0
github.com/echovault/sugardb/internal/utils.go:303.51,306.16 3 0
github.com/echovault/sugardb/internal/utils.go:306.16,308.3 1 0
github.com/echovault/sugardb/internal/utils.go:309.2,309.22 1 0
github.com/echovault/sugardb/internal/utils.go:312.59,316.16 3 0
github.com/echovault/sugardb/internal/utils.go:316.16,318.3 1 0
github.com/echovault/sugardb/internal/utils.go:320.2,320.16 1 0
github.com/echovault/sugardb/internal/utils.go:320.16,322.3 1 0
github.com/echovault/sugardb/internal/utils.go:324.2,324.39 1 0
github.com/echovault/sugardb/internal/utils.go:324.39,326.3 1 0
github.com/echovault/sugardb/internal/utils.go:328.2,329.30 2 0
github.com/echovault/sugardb/internal/utils.go:329.30,330.17 1 0
github.com/echovault/sugardb/internal/utils.go:330.17,332.12 2 0
github.com/echovault/sugardb/internal/utils.go:334.3,334.22 1 0
github.com/echovault/sugardb/internal/utils.go:336.2,336.17 1 0
github.com/echovault/sugardb/internal/utils.go:339.67,342.16 3 0
github.com/echovault/sugardb/internal/utils.go:342.16,344.3 1 0
github.com/echovault/sugardb/internal/utils.go:345.2,345.16 1 0
github.com/echovault/sugardb/internal/utils.go:345.16,347.3 1 0
github.com/echovault/sugardb/internal/utils.go:348.2,349.31 2 0
github.com/echovault/sugardb/internal/utils.go:349.31,350.18 1 0
github.com/echovault/sugardb/internal/utils.go:350.18,352.12 2 0
github.com/echovault/sugardb/internal/utils.go:354.3,355.33 2 0
github.com/echovault/sugardb/internal/utils.go:355.33,357.4 1 0
github.com/echovault/sugardb/internal/utils.go:358.3,358.17 1 0
github.com/echovault/sugardb/internal/utils.go:360.2,360.17 1 0
github.com/echovault/sugardb/internal/utils.go:363.57,366.16 3 0
github.com/echovault/sugardb/internal/utils.go:366.16,368.3 1 0
github.com/echovault/sugardb/internal/utils.go:369.2,369.16 1 0
github.com/echovault/sugardb/internal/utils.go:369.16,371.3 1 0
github.com/echovault/sugardb/internal/utils.go:372.2,373.30 2 0
github.com/echovault/sugardb/internal/utils.go:373.30,374.17 1 0
github.com/echovault/sugardb/internal/utils.go:374.17,376.12 2 0
github.com/echovault/sugardb/internal/utils.go:378.3,378.23 1 0
github.com/echovault/sugardb/internal/utils.go:380.2,380.17 1 0
github.com/echovault/sugardb/internal/utils.go:383.58,386.16 3 0
github.com/echovault/sugardb/internal/utils.go:386.16,388.3 1 0
github.com/echovault/sugardb/internal/utils.go:389.2,389.16 1 0
github.com/echovault/sugardb/internal/utils.go:389.16,391.3 1 0
github.com/echovault/sugardb/internal/utils.go:392.2,393.30 2 0
github.com/echovault/sugardb/internal/utils.go:393.30,394.17 1 0
github.com/echovault/sugardb/internal/utils.go:394.17,396.12 2 0
github.com/echovault/sugardb/internal/utils.go:398.3,398.20 1 0
github.com/echovault/sugardb/internal/utils.go:400.2,400.17 1 0
github.com/echovault/sugardb/internal/utils.go:403.70,404.32 1 0
github.com/echovault/sugardb/internal/utils.go:404.32,405.60 1 0
github.com/echovault/sugardb/internal/utils.go:405.60,407.4 1 0
github.com/echovault/sugardb/internal/utils.go:407.6,409.4 1 0
github.com/echovault/sugardb/internal/utils.go:411.2,411.30 1 0
github.com/echovault/sugardb/internal/utils.go:411.30,412.62 1 0
github.com/echovault/sugardb/internal/utils.go:412.62,414.4 1 0
github.com/echovault/sugardb/internal/utils.go:414.6,416.4 1 0
github.com/echovault/sugardb/internal/utils.go:418.2,418.13 1 0
github.com/echovault/sugardb/internal/utils.go:421.33,423.16 2 0
github.com/echovault/sugardb/internal/utils.go:423.16,425.3 1 0
github.com/echovault/sugardb/internal/utils.go:427.2,428.16 2 0
github.com/echovault/sugardb/internal/utils.go:428.16,430.3 1 0
github.com/echovault/sugardb/internal/utils.go:431.2,431.15 1 0
github.com/echovault/sugardb/internal/utils.go:431.15,433.3 1 0
github.com/echovault/sugardb/internal/utils.go:435.2,435.42 1 0
github.com/echovault/sugardb/internal/utils.go:438.61,443.12 4 0
github.com/echovault/sugardb/internal/utils.go:443.12,444.7 1 0
github.com/echovault/sugardb/internal/utils.go:444.7,446.73 2 0
github.com/echovault/sugardb/internal/utils.go:446.73,448.13 1 0
github.com/echovault/sugardb/internal/utils.go:450.4,450.9 1 0
github.com/echovault/sugardb/internal/utils.go:452.3,452.21 1 0
github.com/echovault/sugardb/internal/utils.go:455.2,456.15 2 0
github.com/echovault/sugardb/internal/utils.go:456.15,458.3 1 0
github.com/echovault/sugardb/internal/utils.go:460.2,460.9 1 0
github.com/echovault/sugardb/internal/utils.go:461.18,462.47 1 0
github.com/echovault/sugardb/internal/utils.go:463.14,464.19 1 0
github.com/echovault/sugardb/internal/utils.go:468.84,473.12 4 0
github.com/echovault/sugardb/internal/utils.go:473.12,474.7 1 0
github.com/echovault/sugardb/internal/utils.go:474.7,476.73 2 0
github.com/echovault/sugardb/internal/utils.go:476.73,478.13 1 0
github.com/echovault/sugardb/internal/utils.go:480.4,480.9 1 0
github.com/echovault/sugardb/internal/utils.go:482.3,482.21 1 0
github.com/echovault/sugardb/internal/utils.go:485.2,486.15 2 0
github.com/echovault/sugardb/internal/utils.go:486.15,488.3 1 0
github.com/echovault/sugardb/internal/utils.go:490.2,490.9 1 0
github.com/echovault/sugardb/internal/utils.go:491.18,492.47 1 0
github.com/echovault/sugardb/internal/utils.go:493.14,494.19 1 0
github.com/echovault/sugardb/internal/aof/log/store.go:55.54,56.28 1 1
github.com/echovault/sugardb/internal/aof/log/store.go:56.28,58.3 1 1
github.com/echovault/sugardb/internal/aof/log/store.go:61.55,62.28 1 1
github.com/echovault/sugardb/internal/aof/log/store.go:62.28,64.3 1 1
github.com/echovault/sugardb/internal/aof/log/store.go:67.55,68.28 1 1
github.com/echovault/sugardb/internal/aof/log/store.go:68.28,70.3 1 1
github.com/echovault/sugardb/internal/aof/log/store.go:73.57,74.28 1 1
github.com/echovault/sugardb/internal/aof/log/store.go:74.28,76.3 1 1
github.com/echovault/sugardb/internal/aof/log/store.go:79.85,80.28 1 1
github.com/echovault/sugardb/internal/aof/log/store.go:80.28,82.3 1 1
github.com/echovault/sugardb/internal/aof/log/store.go:85.68,93.55 1 1
github.com/echovault/sugardb/internal/aof/log/store.go:93.56,93.57 0 0
github.com/echovault/sugardb/internal/aof/log/store.go:96.2,96.33 1 1
github.com/echovault/sugardb/internal/aof/log/store.go:96.33,98.3 1 1
github.com/echovault/sugardb/internal/aof/log/store.go:101.2,101.46 1 1
github.com/echovault/sugardb/internal/aof/log/store.go:101.46,104.17 2 1
github.com/echovault/sugardb/internal/aof/log/store.go:104.17,106.4 1 0
github.com/echovault/sugardb/internal/aof/log/store.go:107.3,108.17 2 1
github.com/echovault/sugardb/internal/aof/log/store.go:108.17,110.4 1 0
github.com/echovault/sugardb/internal/aof/log/store.go:111.3,111.15 1 1
github.com/echovault/sugardb/internal/aof/log/store.go:116.2,116.51 1 1
github.com/echovault/sugardb/internal/aof/log/store.go:116.51,117.13 1 1
github.com/echovault/sugardb/internal/aof/log/store.go:117.13,119.17 2 1
github.com/echovault/sugardb/internal/aof/log/store.go:119.17,121.5 1 0
github.com/echovault/sugardb/internal/aof/log/store.go:122.4,122.8 1 1
github.com/echovault/sugardb/internal/aof/log/store.go:122.8,124.40 2 1
github.com/echovault/sugardb/internal/aof/log/store.go:124.40,127.11 3 0
github.com/echovault/sugardb/internal/aof/log/store.go:129.5,130.15 2 1
github.com/echovault/sugardb/internal/aof/log/store.go:135.2,135.19 1 1
github.com/echovault/sugardb/internal/aof/log/store.go:138.63,140.21 1 1
github.com/echovault/sugardb/internal/aof/log/store.go:140.21,142.3 1 0
github.com/echovault/sugardb/internal/aof/log/store.go:144.2,150.39 3 1
github.com/echovault/sugardb/internal/aof/log/store.go:150.39,152.17 2 1
github.com/echovault/sugardb/internal/aof/log/store.go:152.17,154.4 1 0
github.com/echovault/sugardb/internal/aof/log/store.go:155.3,155.35 1 1
github.com/echovault/sugardb/internal/aof/log/store.go:158.2,158.51 1 1
github.com/echovault/sugardb/internal/aof/log/store.go:158.51,160.3 1 0
github.com/echovault/sugardb/internal/aof/log/store.go:162.2,162.49 1 1
github.com/echovault/sugardb/internal/aof/log/store.go:162.49,163.38 1 1
github.com/echovault/sugardb/internal/aof/log/store.go:163.38,165.4 1 0
github.com/echovault/sugardb/internal/aof/log/store.go:168.2,168.12 1 1
github.com/echovault/sugardb/internal/aof/log/store.go:171.34,172.21 1 1
github.com/echovault/sugardb/internal/aof/log/store.go:172.21,174.3 1 1
github.com/echovault/sugardb/internal/aof/log/store.go:175.2,175.12 1 0
github.com/echovault/sugardb/internal/aof/log/store.go:178.37,183.47 3 1
github.com/echovault/sugardb/internal/aof/log/store.go:183.47,185.3 1 0
github.com/echovault/sugardb/internal/aof/log/store.go:187.2,190.6 3 1
github.com/echovault/sugardb/internal/aof/log/store.go:190.6,192.34 2 1
github.com/echovault/sugardb/internal/aof/log/store.go:192.34,194.4 1 0
github.com/echovault/sugardb/internal/aof/log/store.go:195.3,195.13 1 1
github.com/echovault/sugardb/internal/aof/log/store.go:195.13,197.9 1 1
github.com/echovault/sugardb/internal/aof/log/store.go:200.3,201.17 2 1
github.com/echovault/sugardb/internal/aof/log/store.go:201.17,203.4 1 0
github.com/echovault/sugardb/internal/aof/log/store.go:206.3,207.17 2 1
github.com/echovault/sugardb/internal/aof/log/store.go:207.17,209.4 1 0
github.com/echovault/sugardb/internal/aof/log/store.go:211.3,211.42 1 1
github.com/echovault/sugardb/internal/aof/log/store.go:211.42,213.18 2 1
github.com/echovault/sugardb/internal/aof/log/store.go:213.18,215.5 1 0
github.com/echovault/sugardb/internal/aof/log/store.go:217.4,217.12 1 1
github.com/echovault/sugardb/internal/aof/log/store.go:220.3,220.41 1 1
github.com/echovault/sugardb/internal/aof/log/store.go:223.2,223.12 1 1
github.com/echovault/sugardb/internal/aof/log/store.go:226.38,230.45 3 0
github.com/echovault/sugardb/internal/aof/log/store.go:230.45,232.3 1 0
github.com/echovault/sugardb/internal/aof/log/store.go:235.2,235.47 1 0
github.com/echovault/sugardb/internal/aof/log/store.go:235.47,237.3 1 0
github.com/echovault/sugardb/internal/aof/log/store.go:240.2,242.16 2 0
github.com/echovault/sugardb/internal/aof/log/store.go:242.16,244.3 1 0
github.com/echovault/sugardb/internal/aof/log/store.go:246.2,246.39 1 0
github.com/echovault/sugardb/internal/aof/log/store.go:246.39,248.3 1 0
github.com/echovault/sugardb/internal/aof/log/store.go:250.2,250.12 1 0
github.com/echovault/sugardb/internal/aof/log/store.go:253.35,256.21 3 1
github.com/echovault/sugardb/internal/aof/log/store.go:256.21,258.3 1 0
github.com/echovault/sugardb/internal/aof/log/store.go:259.2,259.41 1 1
github.com/echovault/sugardb/internal/aof/log/store.go:259.41,261.3 1 0
github.com/echovault/sugardb/internal/aof/log/store.go:262.2,262.12 1 1
github.com/echovault/sugardb/internal/clock/clock.go:14.23,16.43 1 1
github.com/echovault/sugardb/internal/clock/clock.go:16.43,18.3 1 1
github.com/echovault/sugardb/internal/clock/clock.go:19.2,19.20 1 0
github.com/echovault/sugardb/internal/clock/clock.go:24.34,26.2 1 0
github.com/echovault/sugardb/internal/clock/clock.go:28.58,30.2 1 0
github.com/echovault/sugardb/internal/clock/clock.go:34.34,37.2 2 0
github.com/echovault/sugardb/internal/clock/clock.go:39.58,41.2 1 0
github.com/echovault/sugardb/internal/types.go:35.43,40.29 3 0
github.com/echovault/sugardb/internal/types.go:41.11,42.12 1 0
github.com/echovault/sugardb/internal/types.go:44.11,45.34 1 0
github.com/echovault/sugardb/internal/types.go:47.22,48.12 1 0
github.com/echovault/sugardb/internal/types.go:49.14,52.24 2 0
github.com/echovault/sugardb/internal/types.go:56.30,60.27 2 0
github.com/echovault/sugardb/internal/types.go:60.27,63.28 3 0
github.com/echovault/sugardb/internal/types.go:65.13,66.14 1 0
github.com/echovault/sugardb/internal/types.go:67.13,68.37 1 0
github.com/echovault/sugardb/internal/types.go:69.24,70.14 1 0
github.com/echovault/sugardb/internal/types.go:71.16,73.27 2 0
github.com/echovault/sugardb/internal/types.go:78.16,79.23 1 0
github.com/echovault/sugardb/internal/types.go:79.23,82.4 2 0
github.com/echovault/sugardb/internal/types.go:85.31,86.53 1 0
github.com/echovault/sugardb/internal/types.go:88.10,89.117 1 0
github.com/echovault/sugardb/internal/types.go:92.2,92.18 1 0
github.com/echovault/sugardb/internal/utils.go:41.38,45.16 2 0
github.com/echovault/sugardb/internal/utils.go:45.16,47.3 1 0
github.com/echovault/sugardb/internal/utils.go:49.2,49.15 1 0
github.com/echovault/sugardb/internal/utils.go:49.15,52.3 2 0
github.com/echovault/sugardb/internal/utils.go:54.2,56.10 2 0
github.com/echovault/sugardb/internal/utils.go:59.43,63.16 3 1
github.com/echovault/sugardb/internal/utils.go:63.16,65.3 1 0
github.com/echovault/sugardb/internal/utils.go:67.2,68.42 2 1
github.com/echovault/sugardb/internal/utils.go:68.42,70.3 1 1
github.com/echovault/sugardb/internal/utils.go:72.2,72.17 1 1
github.com/echovault/sugardb/internal/utils.go:75.47,82.6 4 0
github.com/echovault/sugardb/internal/utils.go:82.6,84.43 2 0
github.com/echovault/sugardb/internal/utils.go:84.43,85.9 1 0
github.com/echovault/sugardb/internal/utils.go:87.3,87.17 1 0
github.com/echovault/sugardb/internal/utils.go:87.17,89.4 1 0
github.com/echovault/sugardb/internal/utils.go:90.3,91.21 2 0
github.com/echovault/sugardb/internal/utils.go:91.21,92.9 1 0
github.com/echovault/sugardb/internal/utils.go:94.3,94.15 1 0
github.com/echovault/sugardb/internal/utils.go:97.2,97.37 1 0
github.com/echovault/sugardb/internal/utils.go:100.120,102.20 2 0
github.com/echovault/sugardb/internal/utils.go:102.20,104.3 1 0
github.com/echovault/sugardb/internal/utils.go:105.2,105.16 1 0
github.com/echovault/sugardb/internal/utils.go:105.16,107.3 1 0
github.com/echovault/sugardb/internal/utils.go:108.2,108.24 1 0
github.com/echovault/sugardb/internal/utils.go:108.24,110.3 1 0
github.com/echovault/sugardb/internal/utils.go:111.2,111.21 1 0
github.com/echovault/sugardb/internal/utils.go:111.21,113.3 1 0
github.com/echovault/sugardb/internal/utils.go:114.2,114.16 1 0
github.com/echovault/sugardb/internal/utils.go:117.37,119.16 2 0
github.com/echovault/sugardb/internal/utils.go:119.16,121.3 1 0
github.com/echovault/sugardb/internal/utils.go:122.2,122.15 1 0
github.com/echovault/sugardb/internal/utils.go:122.15,123.37 1 0
github.com/echovault/sugardb/internal/utils.go:123.37,125.4 1 0
github.com/echovault/sugardb/internal/utils.go:128.2,130.23 2 0
github.com/echovault/sugardb/internal/utils.go:133.72,134.65 1 0
github.com/echovault/sugardb/internal/utils.go:134.65,137.3 1 0
github.com/echovault/sugardb/internal/utils.go:138.2,138.18 1 0
github.com/echovault/sugardb/internal/utils.go:138.18,141.3 1 0
github.com/echovault/sugardb/internal/utils.go:142.2,142.49 1 0
github.com/echovault/sugardb/internal/utils.go:142.49,143.52 1 0
github.com/echovault/sugardb/internal/utils.go:143.52,145.4 1 0
github.com/echovault/sugardb/internal/utils.go:147.2,147.71 1 0
github.com/echovault/sugardb/internal/utils.go:150.66,152.2 1 0
github.com/echovault/sugardb/internal/utils.go:154.24,155.11 1 0
github.com/echovault/sugardb/internal/utils.go:155.11,157.3 1 0
github.com/echovault/sugardb/internal/utils.go:158.2,158.10 1 0
github.com/echovault/sugardb/internal/utils.go:162.49,166.16 3 0
github.com/echovault/sugardb/internal/utils.go:166.16,168.3 1 0
github.com/echovault/sugardb/internal/utils.go:170.2,171.17 2 0
github.com/echovault/sugardb/internal/utils.go:172.12,173.19 1 0
github.com/echovault/sugardb/internal/utils.go:174.12,175.26 1 0
github.com/echovault/sugardb/internal/utils.go:176.12,177.33 1 0
github.com/echovault/sugardb/internal/utils.go:178.12,179.40 1 0
github.com/echovault/sugardb/internal/utils.go:180.12,181.47 1 0
github.com/echovault/sugardb/internal/utils.go:182.10,183.91 1 0
github.com/echovault/sugardb/internal/utils.go:186.2,186.30 1 0
github.com/echovault/sugardb/internal/utils.go:190.64,191.20 1 0
github.com/echovault/sugardb/internal/utils.go:191.20,193.3 1 0
github.com/echovault/sugardb/internal/utils.go:196.2,196.33 1 0
github.com/echovault/sugardb/internal/utils.go:196.33,198.3 1 0
github.com/echovault/sugardb/internal/utils.go:203.2,206.37 2 0
github.com/echovault/sugardb/internal/utils.go:210.100,211.36 1 1
github.com/echovault/sugardb/internal/utils.go:211.36,213.26 2 1
github.com/echovault/sugardb/internal/utils.go:213.26,215.35 1 1
github.com/echovault/sugardb/internal/utils.go:215.35,216.13 1 1
github.com/echovault/sugardb/internal/utils.go:219.4,219.30 1 1
github.com/echovault/sugardb/internal/utils.go:219.30,221.5 1 1
github.com/echovault/sugardb/internal/utils.go:223.3,223.36 1 1
github.com/echovault/sugardb/internal/utils.go:223.36,225.4 1 1
github.com/echovault/sugardb/internal/utils.go:227.2,227.14 1 1
github.com/echovault/sugardb/internal/utils.go:232.43,233.14 1 0
github.com/echovault/sugardb/internal/utils.go:233.14,235.3 1 0
github.com/echovault/sugardb/internal/utils.go:236.2,236.30 1 0
github.com/echovault/sugardb/internal/utils.go:236.30,238.3 1 0
github.com/echovault/sugardb/internal/utils.go:239.2,239.30 1 0
github.com/echovault/sugardb/internal/utils.go:239.30,241.3 1 0
github.com/echovault/sugardb/internal/utils.go:243.2,244.21 2 0
github.com/echovault/sugardb/internal/utils.go:244.21,246.3 1 0
github.com/echovault/sugardb/internal/utils.go:248.2,249.29 2 0
github.com/echovault/sugardb/internal/utils.go:249.29,251.13 2 0
github.com/echovault/sugardb/internal/utils.go:251.13,252.9 1 0
github.com/echovault/sugardb/internal/utils.go:256.2,256.10 1 0
github.com/echovault/sugardb/internal/utils.go:259.41,261.28 2 0
github.com/echovault/sugardb/internal/utils.go:261.28,263.3 1 0
github.com/echovault/sugardb/internal/utils.go:264.2,264.20 1 0
github.com/echovault/sugardb/internal/utils.go:267.47,270.16 3 0
github.com/echovault/sugardb/internal/utils.go:270.16,272.3 1 0
github.com/echovault/sugardb/internal/utils.go:273.2,273.24 1 0
github.com/echovault/sugardb/internal/utils.go:276.52,279.16 3 0
github.com/echovault/sugardb/internal/utils.go:279.16,281.3 1 0
github.com/echovault/sugardb/internal/utils.go:282.2,282.24 1 0
github.com/echovault/sugardb/internal/utils.go:285.50,288.16 3 0
github.com/echovault/sugardb/internal/utils.go:288.16,290.3 1 0
github.com/echovault/sugardb/internal/utils.go:291.2,291.25 1 0
github.com/echovault/sugardb/internal/utils.go:294.52,297.16 3 0
github.com/echovault/sugardb/internal/utils.go:297.16,299.3 1 0
github.com/echovault/sugardb/internal/utils.go:300.2,300.23 1 0
github.com/echovault/sugardb/internal/utils.go:303.51,306.16 3 0
github.com/echovault/sugardb/internal/utils.go:306.16,308.3 1 0
github.com/echovault/sugardb/internal/utils.go:309.2,309.22 1 0
github.com/echovault/sugardb/internal/utils.go:312.59,316.16 3 0
github.com/echovault/sugardb/internal/utils.go:316.16,318.3 1 0
github.com/echovault/sugardb/internal/utils.go:320.2,320.16 1 0
github.com/echovault/sugardb/internal/utils.go:320.16,322.3 1 0
github.com/echovault/sugardb/internal/utils.go:324.2,324.39 1 0
github.com/echovault/sugardb/internal/utils.go:324.39,326.3 1 0
github.com/echovault/sugardb/internal/utils.go:328.2,329.30 2 0
github.com/echovault/sugardb/internal/utils.go:329.30,330.17 1 0
github.com/echovault/sugardb/internal/utils.go:330.17,332.12 2 0
github.com/echovault/sugardb/internal/utils.go:334.3,334.22 1 0
github.com/echovault/sugardb/internal/utils.go:336.2,336.17 1 0
github.com/echovault/sugardb/internal/utils.go:339.67,342.16 3 0
github.com/echovault/sugardb/internal/utils.go:342.16,344.3 1 0
github.com/echovault/sugardb/internal/utils.go:345.2,345.16 1 0
github.com/echovault/sugardb/internal/utils.go:345.16,347.3 1 0
github.com/echovault/sugardb/internal/utils.go:348.2,349.31 2 0
github.com/echovault/sugardb/internal/utils.go:349.31,350.18 1 0
github.com/echovault/sugardb/internal/utils.go:350.18,352.12 2 0
github.com/echovault/sugardb/internal/utils.go:354.3,355.33 2 0
github.com/echovault/sugardb/internal/utils.go:355.33,357.4 1 0
github.com/echovault/sugardb/internal/utils.go:358.3,358.17 1 0
github.com/echovault/sugardb/internal/utils.go:360.2,360.17 1 0
github.com/echovault/sugardb/internal/utils.go:363.57,366.16 3 0
github.com/echovault/sugardb/internal/utils.go:366.16,368.3 1 0
github.com/echovault/sugardb/internal/utils.go:369.2,369.16 1 0
github.com/echovault/sugardb/internal/utils.go:369.16,371.3 1 0
github.com/echovault/sugardb/internal/utils.go:372.2,373.30 2 0
github.com/echovault/sugardb/internal/utils.go:373.30,374.17 1 0
github.com/echovault/sugardb/internal/utils.go:374.17,376.12 2 0
github.com/echovault/sugardb/internal/utils.go:378.3,378.23 1 0
github.com/echovault/sugardb/internal/utils.go:380.2,380.17 1 0
github.com/echovault/sugardb/internal/utils.go:383.58,386.16 3 0
github.com/echovault/sugardb/internal/utils.go:386.16,388.3 1 0
github.com/echovault/sugardb/internal/utils.go:389.2,389.16 1 0
github.com/echovault/sugardb/internal/utils.go:389.16,391.3 1 0
github.com/echovault/sugardb/internal/utils.go:392.2,393.30 2 0
github.com/echovault/sugardb/internal/utils.go:393.30,394.17 1 0
github.com/echovault/sugardb/internal/utils.go:394.17,396.12 2 0
github.com/echovault/sugardb/internal/utils.go:398.3,398.20 1 0
github.com/echovault/sugardb/internal/utils.go:400.2,400.17 1 0
github.com/echovault/sugardb/internal/utils.go:403.70,404.32 1 0
github.com/echovault/sugardb/internal/utils.go:404.32,405.60 1 0
github.com/echovault/sugardb/internal/utils.go:405.60,407.4 1 0
github.com/echovault/sugardb/internal/utils.go:407.6,409.4 1 0
github.com/echovault/sugardb/internal/utils.go:411.2,411.30 1 0
github.com/echovault/sugardb/internal/utils.go:411.30,412.62 1 0
github.com/echovault/sugardb/internal/utils.go:412.62,414.4 1 0
[...]
github.com/echovault/sugardb/sugardb/keyspace.go:586.63,589.6 1 0
github.com/echovault/sugardb/sugardb/keyspace.go:593.4,595.56 2 0
github.com/echovault/sugardb/sugardb/keyspace.go:595.56,597.5 1 0
github.com/echovault/sugardb/sugardb/keyspace.go:599.10,600.13 1 0
github.com/echovault/sugardb/sugardb/keyspace.go:609.75,611.57 1 0
github.com/echovault/sugardb/sugardb/keyspace.go:611.57,613.3 1 0
github.com/echovault/sugardb/sugardb/keyspace.go:615.2,622.60 4 0
github.com/echovault/sugardb/sugardb/keyspace.go:622.60,624.3 1 0
github.com/echovault/sugardb/sugardb/keyspace.go:625.2,632.33 6 0
github.com/echovault/sugardb/sugardb/keyspace.go:632.33,633.7 1 0
github.com/echovault/sugardb/sugardb/keyspace.go:633.7,637.35 3 0
github.com/echovault/sugardb/sugardb/keyspace.go:637.35,639.10 2 0
github.com/echovault/sugardb/sugardb/keyspace.go:643.2,648.25 4 0
github.com/echovault/sugardb/sugardb/keyspace.go:648.25,651.28 2 0
github.com/echovault/sugardb/sugardb/keyspace.go:651.28,652.51 1 0
github.com/echovault/sugardb/sugardb/keyspace.go:652.51,654.5 1 0
github.com/echovault/sugardb/sugardb/keyspace.go:655.9,655.64 1 0
github.com/echovault/sugardb/sugardb/keyspace.go:655.64,656.60 1 0
github.com/echovault/sugardb/sugardb/keyspace.go:656.60,658.5 1 0
github.com/echovault/sugardb/sugardb/keyspace.go:663.2,663.21 1 0
github.com/echovault/sugardb/sugardb/keyspace.go:663.21,665.3 1 0
github.com/echovault/sugardb/sugardb/keyspace.go:667.2,670.58 2 0
github.com/echovault/sugardb/sugardb/keyspace.go:670.58,674.3 2 0
github.com/echovault/sugardb/sugardb/keyspace.go:676.2,676.12 1 0
github.com/echovault/sugardb/sugardb/keyspace.go:679.62,686.15 5 1
github.com/echovault/sugardb/sugardb/keyspace.go:686.15,688.3 1 1
github.com/echovault/sugardb/sugardb/keyspace.go:690.2,694.45 4 1
github.com/echovault/sugardb/sugardb/keyspace.go:694.45,695.19 1 1
github.com/echovault/sugardb/sugardb/keyspace.go:695.19,697.9 2 1
github.com/echovault/sugardb/sugardb/keyspace.go:698.9,700.4 1 0
github.com/echovault/sugardb/sugardb/keyspace.go:704.2,704.16 1 1
github.com/echovault/sugardb/sugardb/keyspace.go:707.84,712.34 4 1
github.com/echovault/sugardb/sugardb/keyspace.go:712.34,716.3 3 1
github.com/echovault/sugardb/sugardb/keyspace.go:716.8,718.3 1 0
github.com/echovault/sugardb/sugardb/keyspace.go:720.2,720.16 1 1
github.com/echovault/sugardb/sugardb/keyspace.go:720.16,722.3 1 1
github.com/echovault/sugardb/sugardb/keyspace.go:724.2,724.18 1 1
github.com/echovault/sugardb/sugardb/keyspace.go:727.92,732.34 4 1
github.com/echovault/sugardb/sugardb/keyspace.go:732.34,736.3 3 1
github.com/echovault/sugardb/sugardb/keyspace.go:736.8,738.3 1 0
github.com/echovault/sugardb/sugardb/keyspace.go:740.2,740.16 1 1
github.com/echovault/sugardb/sugardb/keyspace.go:740.16,742.3 1 1
github.com/echovault/sugardb/sugardb/keyspace.go:744.2,747.18 3 1
github.com/echovault/sugardb/sugardb/modules.go:29.73,32.42 3 1
github.com/echovault/sugardb/sugardb/modules.go:32.42,33.46 1 1
github.com/echovault/sugardb/sugardb/modules.go:33.46,35.4 1 1
github.com/echovault/sugardb/sugardb/modules.go:37.2,37.72 1 1
github.com/echovault/sugardb/sugardb/modules.go:40.123,67.58 1 1
github.com/echovault/sugardb/sugardb/modules.go:67.58,71.4 3 1
github.com/echovault/sugardb/sugardb/modules.go:72.67,76.4 3 1
github.com/echovault/sugardb/sugardb/modules.go:77.90,87.24 5 1
github.com/echovault/sugardb/sugardb/modules.go:87.24,89.5 1 0
github.com/echovault/sugardb/sugardb/modules.go:92.4,93.37 2 1
github.com/echovault/sugardb/sugardb/modules.go:93.37,95.5 1 1
github.com/echovault/sugardb/sugardb/modules.go:96.4,101.43 3 1
github.com/echovault/sugardb/sugardb/modules.go:106.135,109.25 2 1
github.com/echovault/sugardb/sugardb/modules.go:109.25,115.3 3 1
github.com/echovault/sugardb/sugardb/modules.go:115.8,121.3 3 1
github.com/echovault/sugardb/sugardb/modules.go:122.2,125.16 3 1
github.com/echovault/sugardb/sugardb/modules.go:125.16,127.3 1 1
github.com/echovault/sugardb/sugardb/modules.go:129.2,129.19 1 1
github.com/echovault/sugardb/sugardb/modules.go:129.19,131.3 1 1
github.com/echovault/sugardb/sugardb/modules.go:134.2,134.39 1 1
github.com/echovault/sugardb/sugardb/modules.go:134.39,136.3 1 0
github.com/echovault/sugardb/sugardb/modules.go:138.2,139.16 2 1
github.com/echovault/sugardb/sugardb/modules.go:139.16,141.3 1 1
github.com/echovault/sugardb/sugardb/modules.go:143.2,147.16 4 1
github.com/echovault/sugardb/sugardb/modules.go:147.16,149.3 1 1
github.com/echovault/sugardb/sugardb/modules.go:150.2,151.8 2 1
github.com/echovault/sugardb/sugardb/modules.go:151.8,154.3 2 1
github.com/echovault/sugardb/sugardb/modules.go:156.2,156.51 1 1
github.com/echovault/sugardb/sugardb/modules.go:156.51,159.87 1 1
github.com/echovault/sugardb/sugardb/modules.go:159.87,161.4 1 0
github.com/echovault/sugardb/sugardb/modules.go:165.2,165.50 1 1
github.com/echovault/sugardb/sugardb/modules.go:165.50,166.7 1 1
github.com/echovault/sugardb/sugardb/modules.go:166.7,167.42 1 1
github.com/echovault/sugardb/sugardb/modules.go:167.42,169.10 2 1
github.com/echovault/sugardb/sugardb/modules.go:174.2,174.43 1 1
github.com/echovault/sugardb/sugardb/modules.go:174.43,176.17 2 1
github.com/echovault/sugardb/sugardb/modules.go:176.17,178.4 1 1
github.com/echovault/sugardb/sugardb/modules.go:180.3,180.62 1 1
github.com/echovault/sugardb/sugardb/modules.go:180.62,184.4 3 1
github.com/echovault/sugardb/sugardb/modules.go:186.3,188.18 2 1
github.com/echovault/sugardb/sugardb/modules.go:192.2,192.32 1 1
github.com/echovault/sugardb/sugardb/modules.go:192.32,195.17 3 1
github.com/echovault/sugardb/sugardb/modules.go:195.17,197.4 1 0
github.com/echovault/sugardb/sugardb/modules.go:198.3,198.18 1 1
github.com/echovault/sugardb/sugardb/modules.go:202.2,202.34 1 1
github.com/echovault/sugardb/sugardb/modules.go:202.34,205.3 2 1
github.com/echovault/sugardb/sugardb/modules.go:207.2,207.72 1 1
github.com/echovault/sugardb/sugardb/modules.go:210.57,212.2 1 1
github.com/echovault/sugardb/sugardb/modules.go:214.45,216.2 1 1
github.com/echovault/sugardb/sugardb/modules.go:218.48,220.2 1 1
github.com/echovault/sugardb/sugardb/modules.go:222.47,224.2 1 1
github.com/echovault/sugardb/sugardb/plugin.go:37.70,41.41 3 1
github.com/echovault/sugardb/sugardb/plugin.go:41.41,42.37 1 1
github.com/echovault/sugardb/sugardb/plugin.go:42.37,44.4 1 1
github.com/echovault/sugardb/sugardb/plugin.go:45.3,45.44 1 0
github.com/echovault/sugardb/sugardb/plugin.go:48.2,49.16 2 1
github.com/echovault/sugardb/sugardb/plugin.go:49.16,51.3 1 0
github.com/echovault/sugardb/sugardb/plugin.go:53.2,54.16 2 1
github.com/echovault/sugardb/sugardb/plugin.go:54.16,56.3 1 0
github.com/echovault/sugardb/sugardb/plugin.go:57.2,58.9 2 1
github.com/echovault/sugardb/sugardb/plugin.go:58.9,60.3 1 0
github.com/echovault/sugardb/sugardb/plugin.go:62.2,63.16 2 1
github.com/echovault/sugardb/sugardb/plugin.go:63.16,65.3 1 0
github.com/echovault/sugardb/sugardb/plugin.go:66.2,67.9 2 1
github.com/echovault/sugardb/sugardb/plugin.go:67.9,69.3 1 0
github.com/echovault/sugardb/sugardb/plugin.go:71.2,72.16 2 1
github.com/echovault/sugardb/sugardb/plugin.go:72.16,74.3 1 0
github.com/echovault/sugardb/sugardb/plugin.go:75.2,76.9 2 1
github.com/echovault/sugardb/sugardb/plugin.go:76.9,78.3 1 0
github.com/echovault/sugardb/sugardb/plugin.go:80.2,81.16 2 1
github.com/echovault/sugardb/sugardb/plugin.go:81.16,83.3 1 0
github.com/echovault/sugardb/sugardb/plugin.go:84.2,85.9 2 1
github.com/echovault/sugardb/sugardb/plugin.go:85.9,87.3 1 0
github.com/echovault/sugardb/sugardb/plugin.go:89.2,90.16 2 1
github.com/echovault/sugardb/sugardb/plugin.go:90.16,92.3 1 0
github.com/echovault/sugardb/sugardb/plugin.go:93.2,94.9 2 1
github.com/echovault/sugardb/sugardb/plugin.go:94.9,96.3 1 0
github.com/echovault/sugardb/sugardb/plugin.go:98.2,99.16 2 1
github.com/echovault/sugardb/sugardb/plugin.go:99.16,101.3 1 0
github.com/echovault/sugardb/sugardb/plugin.go:102.2,110.9 2 1
github.com/echovault/sugardb/sugardb/plugin.go:110.9,112.3 1 0
github.com/echovault/sugardb/sugardb/plugin.go:115.2,115.91 1 1
github.com/echovault/sugardb/sugardb/plugin.go:115.91,117.3 1 1
github.com/echovault/sugardb/sugardb/plugin.go:120.2,123.31 1 1
github.com/echovault/sugardb/sugardb/plugin.go:123.31,126.36 2 1
github.com/echovault/sugardb/sugardb/plugin.go:126.36,128.5 1 1
github.com/echovault/sugardb/sugardb/plugin.go:129.4,129.15 1 1
github.com/echovault/sugardb/sugardb/plugin.go:134.83,136.18 2 0
github.com/echovault/sugardb/sugardb/plugin.go:136.18,138.5 1 0
github.com/echovault/sugardb/sugardb/plugin.go:139.4,143.10 1 0
github.com/echovault/sugardb/sugardb/plugin.go:145.72,154.4 1 1
github.com/echovault/sugardb/sugardb/plugin.go:157.2,157.12 1 1
github.com/echovault/sugardb/sugardb/plugin.go:165.52,168.91 3 1
github.com/echovault/sugardb/sugardb/plugin.go:168.91,170.3 1 1
github.com/echovault/sugardb/sugardb/plugin.go:176.47,180.42 4 1
github.com/echovault/sugardb/sugardb/plugin.go:180.42,181.61 1 1
github.com/echovault/sugardb/sugardb/plugin.go:181.61,183.4 1 1
github.com/echovault/sugardb/sugardb/plugin.go:183.6,185.4 1 1
github.com/echovault/sugardb/sugardb/plugin.go:187.2,187.16 1 1
github.com/echovault/sugardb/sugardb/sugardb.go:132.64,133.34 1 1
github.com/echovault/sugardb/sugardb/sugardb.go:133.34,135.3 1 1
github.com/echovault/sugardb/sugardb/sugardb.go:141.64,142.34 1 1
github.com/echovault/sugardb/sugardb/sugardb.go:142.34,144.3 1 1
github.com/echovault/sugardb/sugardb/sugardb.go:149.70,179.39 1 1
github.com/echovault/sugardb/sugardb/sugardb.go:179.39,192.4 12 1
github.com/echovault/sugardb/sugardb/sugardb.go:197.2,197.33 1 1
github.com/echovault/sugardb/sugardb/sugardb.go:197.33,199.3 1 1
github.com/echovault/sugardb/sugardb/sugardb.go:201.2,207.46 2 1
github.com/echovault/sugardb/sugardb/sugardb.go:207.46,208.50 1 0
github.com/echovault/sugardb/sugardb/sugardb.go:208.50,210.12 2 0
github.com/echovault/sugardb/sugardb/sugardb.go:212.3,212.41 1 0
github.com/echovault/sugardb/sugardb/sugardb.go:216.2,221.27 3 1
github.com/echovault/sugardb/sugardb/sugardb.go:221.27,231.59 1 1
github.com/echovault/sugardb/sugardb/sugardb.go:231.59,235.5 3 1
github.com/echovault/sugardb/sugardb/sugardb.go:236.57,238.53 2 0
github.com/echovault/sugardb/sugardb/sugardb.go:238.53,239.30 1 0
github.com/echovault/sugardb/sugardb/sugardb.go:239.30,240.47 1 0
github.com/echovault/sugardb/sugardb/sugardb.go:240.47,242.8 1 0
github.com/echovault/sugardb/sugardb/sugardb.go:245.5,245.17 1 0
github.com/echovault/sugardb/sugardb/sugardb.go:248.3,256.5 1 1
github.com/echovault/sugardb/sugardb/sugardb.go:257.8,268.73 1 1
github.com/echovault/sugardb/sugardb/sugardb.go:268.73,270.52 2 1
github.com/echovault/sugardb/sugardb/sugardb.go:270.52,272.35 2 1
github.com/echovault/sugardb/sugardb/sugardb.go:272.35,273.54 1 1
github.com/echovault/sugardb/sugardb/sugardb.go:273.54,275.8 1 1
github.com/echovault/sugardb/sugardb/sugardb.go:278.5,278.17 1 1
github.com/echovault/sugardb/sugardb/sugardb.go:280.86,282.91 2 1
github.com/echovault/sugardb/sugardb/sugardb.go:282.91,284.6 1 0
github.com/echovault/sugardb/sugardb/sugardb.go:285.5,285.54 1 1
github.com/echovault/sugardb/sugardb/sugardb.go:290.3,296.68 1 1
github.com/echovault/sugardb/sugardb/sugardb.go:296.68,298.52 2 1
github.com/echovault/sugardb/sugardb/sugardb.go:298.52,300.35 2 1
github.com/echovault/sugardb/sugardb/sugardb.go:300.35,301.54 1 1
github.com/echovault/sugardb/sugardb/sugardb.go:301.54,303.8 1 1
github.com/echovault/sugardb/sugardb/sugardb.go:306.5,306.17 1 1
github.com/echovault/sugardb/sugardb/sugardb.go:308.82,310.92 2 1
github.com/echovault/sugardb/sugardb/sugardb.go:310.92,312.6 1 0
github.com/echovault/sugardb/sugardb/sugardb.go:313.5,313.55 1 1
github.com/echovault/sugardb/sugardb/sugardb.go:315.65,319.19 4 1
github.com/echovault/sugardb/sugardb/sugardb.go:319.19,321.6 1 0
github.com/echovault/sugardb/sugardb/sugardb.go:324.3,324.17 1 1
github.com/echovault/sugardb/sugardb/sugardb.go:324.17,326.4 1 0
github.com/echovault/sugardb/sugardb/sugardb.go:327.3,327.32 1 1
github.com/echovault/sugardb/sugardb/sugardb.go:331.2,331.59 1 1
github.com/echovault/sugardb/sugardb/sugardb.go:331.59,332.13 1 1
github.com/echovault/sugardb/sugardb/sugardb.go:332.13,334.17 2 1
github.com/echovault/sugardb/sugardb/sugardb.go:334.17,336.5 1 0
github.com/echovault/sugardb/sugardb/sugardb.go:337.4,337.8 1 1
github.com/echovault/sugardb/sugardb/sugardb.go:337.8,338.12 1 1
github.com/echovault/sugardb/sugardb/sugardb.go:339.21,342.59 2 0
github.com/echovault/sugardb/sugardb/sugardb.go:342.59,345.56 3 0
github.com/echovault/sugardb/sugardb/sugardb.go:345.56,346.67 1 0
github.com/echovault/sugardb/sugardb/sugardb.go:346.67,348.9 1 0
github.com/echovault/sugardb/sugardb/sugardb.go:349.8,349.17 1 0
github.com/echovault/sugardb/sugardb/sugardb.go:352.6,352.15 1 0
github.com/echovault/sugardb/sugardb/sugardb.go:353.28,354.11 1 0
github.com/echovault/sugardb/sugardb/sugardb.go:360.2,360.65 1 1
github.com/echovault/sugardb/sugardb/sugardb.go:360.65,362.3 1 0
github.com/echovault/sugardb/sugardb/sugardb.go:364.2,364.27 1 1
github.com/echovault/sugardb/sugardb/sugardb.go:364.27,370.3 3 1
github.com/echovault/sugardb/sugardb/sugardb.go:372.2,372.28 1 1
github.com/echovault/sugardb/sugardb/sugardb.go:372.28,375.32 2 1
github.com/echovault/sugardb/sugardb/sugardb.go:375.32,377.18 2 1
github.com/echovault/sugardb/sugardb/sugardb.go:377.18,379.5 1 0
github.com/echovault/sugardb/sugardb/sugardb.go:383.3,383.67 1 1
github.com/echovault/sugardb/sugardb/sugardb.go:383.67,385.18 2 1
github.com/echovault/sugardb/sugardb/sugardb.go:385.18,387.5 1 1
github.com/echovault/sugardb/sugardb/sugardb.go:391.2,391.21 1 1
github.com/echovault/sugardb/sugardb/sugardb.go:394.35,406.16 4 1
github.com/echovault/sugardb/sugardb/sugardb.go:406.16,409.3 2 0
github.com/echovault/sugardb/sugardb/sugardb.go:411.2,411.15 1 1
github.com/echovault/sugardb/sugardb/sugardb.go:411.15,414.3 1 1
github.com/echovault/sugardb/sugardb/sugardb.go:416.2,416.27 1 1
github.com/echovault/sugardb/sugardb/sugardb.go:416.27,418.16 1 1
github.com/echovault/sugardb/sugardb/sugardb.go:418.16,420.4 1 1
github.com/echovault/sugardb/sugardb/sugardb.go:420.9,422.4 1 1
github.com/echovault/sugardb/sugardb/sugardb.go:424.3,425.49 2 1
github.com/echovault/sugardb/sugardb/sugardb.go:425.49,427.18 2 1
github.com/echovault/sugardb/sugardb/sugardb.go:427.18,430.5 2 0
github.com/echovault/sugardb/sugardb/sugardb.go:431.4,431.42 1 1
github.com/echovault/sugardb/sugardb/sugardb.go:434.3,437.16 3 1
github.com/echovault/sugardb/sugardb/sugardb.go:437.16,439.37 2 1
github.com/echovault/sugardb/sugardb/sugardb.go:439.37,441.19 2 1
github.com/echovault/sugardb/sugardb/sugardb.go:441.19,444.6 2 0
github.com/echovault/sugardb/sugardb/sugardb.go:445.5,446.19 2 1
github.com/echovault/sugardb/sugardb/sugardb.go:446.19,448.6 1 0
github.com/echovault/sugardb/sugardb/sugardb.go:449.5,449.61 1 1
github.com/echovault/sugardb/sugardb/sugardb.go:449.61,451.6 1 0
github.com/echovault/sugardb/sugardb/sugardb.go:455.3,459.5 1 1
github.com/echovault/sugardb/sugardb/sugardb.go:462.2,465.6 2 1
github.com/echovault/sugardb/sugardb/sugardb.go:465.6,466.10 1 1
github.com/echovault/sugardb/sugardb/sugardb.go:467.22,468.10 1 0
github.com/echovault/sugardb/sugardb/sugardb.go:469.11,471.18 2 1
github.com/echovault/sugardb/sugardb/sugardb.go:471.18,474.5 2 1
github.com/echovault/sugardb/sugardb/sugardb.go:476.4,476.36 1 1
github.com/echovault/sugardb/sugardb/sugardb.go:481.56,483.23 1 1
github.com/echovault/sugardb/sugardb/sugardb.go:483.23,485.3 1 1
github.com/echovault/sugardb/sugardb/sugardb.go:487.2,504.15 7 1
github.com/echovault/sugardb/sugardb/sugardb.go:504.15,506.38 2 1
github.com/echovault/sugardb/sugardb/sugardb.go:506.38,508.4 1 0
github.com/echovault/sugardb/sugardb/sugardb.go:511.2,511.6 1 1
github.com/echovault/sugardb/sugardb/sugardb.go:511.6,514.43 2 1
github.com/echovault/sugardb/sugardb/sugardb.go:514.43,517.9 2 0
github.com/echovault/sugardb/sugardb/sugardb.go:520.3,520.17 1 1
github.com/echovault/sugardb/sugardb/sugardb.go:520.17,522.9 2 0
github.com/echovault/sugardb/sugardb/sugardb.go:525.3,526.43 2 1
github.com/echovault/sugardb/sugardb/sugardb.go:526.43,527.9 1 1
github.com/echovault/sugardb/sugardb/sugardb.go:529.3,529.17 1 1
github.com/echovault/sugardb/sugardb/sugardb.go:529.17,531.87 2 1
github.com/echovault/sugardb/sugardb/sugardb.go:531.87,533.5 1 0
github.com/echovault/sugardb/sugardb/sugardb.go:534.4,534.12 1 1
github.com/echovault/sugardb/sugardb/sugardb.go:537.3,540.20 2 1
github.com/echovault/sugardb/sugardb/sugardb.go:540.20,541.12 1 0
github.com/echovault/sugardb/sugardb/sugardb.go:544.3,544.28 1 1
github.com/echovault/sugardb/sugardb/sugardb.go:544.28,546.12 2 1
github.com/echovault/sugardb/sugardb/sugardb.go:550.3,551.7 2 0
github.com/echovault/sugardb/sugardb/sugardb.go:551.7,553.41 1 0
github.com/echovault/sugardb/sugardb/sugardb.go:553.41,555.19 2 0
github.com/echovault/sugardb/sugardb/sugardb.go:555.19,557.6 1 0
github.com/echovault/sugardb/sugardb/sugardb.go:558.5,558.10 1 0
github.com/echovault/sugardb/sugardb/sugardb.go:560.4,561.21 2 0
github.com/echovault/sugardb/sugardb/sugardb.go:561.21,562.10 1 0
github.com/echovault/sugardb/sugardb/sugardb.go:564.4,564.27 1 0
github.com/echovault/sugardb/sugardb/sugardb.go:574.32,576.2 1 1
github.com/echovault/sugardb/sugardb/sugardb.go:579.45,580.38 1 1
github.com/echovault/sugardb/sugardb/sugardb.go:580.38,582.3 1 0
github.com/echovault/sugardb/sugardb/sugardb.go:584.2,584.12 1 1
github.com/echovault/sugardb/sugardb/sugardb.go:584.12,585.27 1 1
github.com/echovault/sugardb/sugardb/sugardb.go:585.27,587.53 1 0
github.com/echovault/sugardb/sugardb/sugardb.go:587.53,589.5 1 0
github.com/echovault/sugardb/sugardb/sugardb.go:590.4,590.10 1 0
github.com/echovault/sugardb/sugardb/sugardb.go:593.3,593.62 1 1
github.com/echovault/sugardb/sugardb/sugardb.go:593.62,595.4 1 1
github.com/echovault/sugardb/sugardb/sugardb.go:598.2,598.12 1 1
github.com/echovault/sugardb/sugardb/sugardb.go:601.40,603.2 1 1
github.com/echovault/sugardb/sugardb/sugardb.go:605.41,607.2 1 1
github.com/echovault/sugardb/sugardb/sugardb.go:609.54,611.2 1 1
github.com/echovault/sugardb/sugardb/sugardb.go:614.54,616.2 1 1
github.com/echovault/sugardb/sugardb/sugardb.go:618.42,620.2 1 1
github.com/echovault/sugardb/sugardb/sugardb.go:622.43,624.2 1 1
github.com/echovault/sugardb/sugardb/sugardb.go:627.43,628.40 1 1
github.com/echovault/sugardb/sugardb/sugardb.go:628.40,630.3 1 0
github.com/echovault/sugardb/sugardb/sugardb.go:631.2,631.54 1 1
github.com/echovault/sugardb/sugardb/sugardb.go:631.54,633.3 1 0
github.com/echovault/sugardb/sugardb/sugardb.go:634.2,634.12 1 1
github.com/echovault/sugardb/sugardb/sugardb.go:639.35,640.35 1 1
github.com/echovault/sugardb/sugardb/sugardb.go:640.35,641.13 1 1
github.com/echovault/sugardb/sugardb/sugardb.go:641.13,641.42 1 1
github.com/echovault/sugardb/sugardb/sugardb.go:642.3,642.13 1 1
github.com/echovault/sugardb/sugardb/sugardb.go:642.13,642.45 1 1
github.com/echovault/sugardb/sugardb/sugardb.go:643.3,644.71 2 1
github.com/echovault/sugardb/sugardb/sugardb.go:644.71,646.4 1 0
github.com/echovault/sugardb/sugardb/sugardb.go:648.2,648.27 1 1
github.com/echovault/sugardb/sugardb/sugardb.go:648.27,650.3 1 1
github.com/echovault/sugardb/sugardb/sugardb.go:651.2,651.26 1 1
github.com/echovault/sugardb/sugardb/sugardb.go:651.26,654.3 2 1
github.com/echovault/sugardb/sugardb/sugardb.go:657.43,675.40 3 1
github.com/echovault/sugardb/sugardb/sugardb.go:675.40,678.3 2 0
github.com/echovault/sugardb/sugardb/test_helpers.go:10.31,18.2 2 1
github.com/echovault/sugardb/sugardb/test_helpers.go:20.59,25.2 2 1
github.com/echovault/sugardb/sugardb/test_helpers.go:27.93,29.82 2 1
github.com/echovault/sugardb/sugardb/test_helpers.go:29.82,31.3 1 0
github.com/echovault/sugardb/sugardb/test_helpers.go:32.2,32.12 1 1
github.com/echovault/sugardb/sugardb/test_helpers.go:35.93,39.2 3 1
